[18:25:15.877] Global cache location '/home/refat/.cache/typescript/4.4', safe file path '/home/refat/.emacs.d/.local/etc/lsp/npm/typescript/lib/node_modules/typescript/lib/typingSafeList.json', types map path /home/refat/.emacs.d/.local/etc/lsp/npm/typescript/lib/node_modules/typescript/lib/typesMap.json
[18:25:15.879] Processing cache location '/home/refat/.cache/typescript/4.4'
[18:25:15.879] Trying to find '/home/refat/.cache/typescript/4.4/package.json'...
[18:25:15.879] Finished processing cache location '/home/refat/.cache/typescript/4.4'
[18:25:15.880] Process id: 88711
[18:25:15.880] NPM location: /usr/bin/npm (explicit '--npmLocation' not  provided)
[18:25:15.880] validateDefaultNpmLocation: false
[18:25:15.881] Npm config file: /home/refat/.cache/typescript/4.4/package.json
[18:25:15.881] Npm config file: '/home/refat/.cache/typescript/4.4/package.json' is missing, creating new one...
[18:25:15.883] Updating types-registry npm package...
[18:25:15.884] Exec: /usr/bin/npm install --ignore-scripts types-registry@latest
[18:25:17.508]     Succeeded. stdout:
    
    added 1 package, and audited 2 packages in 1s

found 0 vulnerabilities

[18:25:17.509] Updated types-registry npm package
[18:25:17.572] Got install request {"projectName":"/dev/null/inferredProject1*","fileNames":["/home/refat/.emacs.d/.local/etc/lsp/npm/typescript/lib/node_modules/typescript/lib/lib.es5.d.ts","/home/refat/.emacs.d/.local/etc/lsp/npm/typescript/lib/node_modules/typescript/lib/lib.es2015.d.ts","/home/refat/.emacs.d/.local/etc/lsp/npm/typescript/lib/node_modules/typescript/lib/lib.es2016.d.ts","/home/refat/.emacs.d/.local/etc/lsp/npm/typescript/lib/node_modules/typescript/lib/lib.dom.d.ts","/home/refat/.emacs.d/.local/etc/lsp/npm/typescript/lib/node_modules/typescript/lib/lib.dom.iterable.d.ts","/home/refat/.emacs.d/.local/etc/lsp/npm/typescript/lib/node_modules/typescript/lib/lib.webworker.importscripts.d.ts","/home/refat/.emacs.d/.local/etc/lsp/npm/typescript/lib/node_modules/typescript/lib/lib.scripthost.d.ts","/home/refat/.emacs.d/.local/etc/lsp/npm/typescript/lib/node_modules/typescript/lib/lib.es2015.core.d.ts","/home/refat/.emacs.d/.local/etc/lsp/npm/typescript/lib/node_modules/typescript/lib/lib.es2015.collection.d.ts","/home/refat/.emacs.d/.local/etc/lsp/npm/typescript/lib/node_modules/typescript/lib/lib.es2015.generator.d.ts","/home/refat/.emacs.d/.local/etc/lsp/npm/typescript/lib/node_modules/typescript/lib/lib.es2015.iterable.d.ts","/home/refat/.emacs.d/.local/etc/lsp/npm/typescript/lib/node_modules/typescript/lib/lib.es2015.promise.d.ts","/home/refat/.emacs.d/.local/etc/lsp/npm/typescript/lib/node_modules/typescript/lib/lib.es2015.proxy.d.ts","/home/refat/.emacs.d/.local/etc/lsp/npm/typescript/lib/node_modules/typescript/lib/lib.es2015.reflect.d.ts","/home/refat/.emacs.d/.local/etc/lsp/npm/typescript/lib/node_modules/typescript/lib/lib.es2015.symbol.d.ts","/home/refat/.emacs.d/.local/etc/lsp/npm/typescript/lib/node_modules/typescript/lib/lib.es2015.symbol.wellknown.d.ts","/home/refat/.emacs.d/.local/etc/lsp/npm/typescript/lib/node_modules/typescript/lib/lib.es2016.array.include.d.ts","/home/refat/.emacs.d/.local/etc/lsp/npm/typescript/lib/node_modules/typescript/lib/lib.es2016.full.d.ts","/home/refat/Workspaces/Javascript/script.js"],"compilerOptions":{"module":1,"target":3,"jsx":1,"allowJs":true,"allowSyntheticDefaultImports":true,"allowNonTsExtensions":true,"noEmitForJsFiles":true,"maxNodeModuleJsDepth":2},"typeAcquisition":{"enable":true,"include":[],"exclude":[]},"unresolvedImports":[],"projectRootPath":"/home/refat/Workspaces/Javascript","kind":"discover"}
[18:25:17.622] Loaded safelist from types map file '/home/refat/.emacs.d/.local/etc/lsp/npm/typescript/lib/node_modules/typescript/lib/typesMap.json'
[18:25:17.623] Explicitly included types: []
[18:25:17.625] Inferred typings from unresolved imports: []
[18:25:17.625] Result: {"cachedTypingPaths":[],"newTypingNames":[],"filesToWatch":["/home/refat/Workspaces/Javascript/bower_components","/home/refat/Workspaces/Javascript/node_modules"]}
[18:25:17.625] Finished typings discovery: {"cachedTypingPaths":[],"newTypingNames":[],"filesToWatch":["/home/refat/Workspaces/Javascript/bower_components","/home/refat/Workspaces/Javascript/node_modules"]}
[18:25:17.626] DirectoryWatcher:: Added:: WatchInfo: /home/refat/Workspaces/Javascript/bower_components
[18:25:17.627] DirectoryWatcher:: Added:: WatchInfo: /home/refat/Workspaces/Javascript/bower_components 1 undefined Project: /dev/null/inferredProject1* watcher already invoked: false
[18:25:17.631] Elapsed:: 3.729150000959635ms DirectoryWatcher:: Added:: WatchInfo: /home/refat/Workspaces/Javascript/bower_components 1 undefined Project: /dev/null/inferredProject1* watcher already invoked: false
[18:25:17.632] DirectoryWatcher:: Added:: WatchInfo: /home/refat/Workspaces/Javascript/node_modules
[18:25:17.632] DirectoryWatcher:: Added:: WatchInfo: /home/refat/Workspaces/Javascript/node_modules 1 undefined Project: /dev/null/inferredProject1* watcher already invoked: false
[18:25:17.632] Elapsed:: 0.23071799986064434ms DirectoryWatcher:: Added:: WatchInfo: /home/refat/Workspaces/Javascript/node_modules 1 undefined Project: /dev/null/inferredProject1* watcher already invoked: false
[18:25:17.632] Sending response:
    {"projectName":"/dev/null/inferredProject1*","typeAcquisition":{"enable":true,"include":[],"exclude":[]},"compilerOptions":{"module":1,"target":3,"jsx":1,"allowJs":true,"allowSyntheticDefaultImports":true,"allowNonTsExtensions":true,"noEmitForJsFiles":true,"maxNodeModuleJsDepth":2},"typings":[],"unresolvedImports":[],"kind":"action::set"}
[18:25:17.633] Response has been sent.
[18:25:17.633] No new typings were requested as a result of typings discovery
