[18:30:26.040] Global cache location '/home/refat/.cache/typescript/4.2', safe file path '/home/refat/.emacs.d/.local/etc/lsp/npm/typescript/lib/node_modules/typescript/lib/typingSafeList.json', types map path /home/refat/.emacs.d/.local/etc/lsp/npm/typescript/lib/node_modules/typescript/lib/typesMap.json
[18:30:26.041] Processing cache location '/home/refat/.cache/typescript/4.2'
[18:30:26.041] Trying to find '/home/refat/.cache/typescript/4.2/package.json'...
[18:30:26.041] Loaded content of '/home/refat/.cache/typescript/4.2/package.json': {"private":true,"dependencies":{"types-registry":"^0.1.536"}}
[18:30:26.041] Loaded content of '/home/refat/.cache/typescript/4.2/package-lock.json'
[18:30:26.041] Finished processing cache location '/home/refat/.cache/typescript/4.2'
[18:30:26.042] Process id: 16188
[18:30:26.042] NPM location: /usr/bin/npm (explicit '--npmLocation' not  provided)
[18:30:26.042] validateDefaultNpmLocation: false
[18:30:26.042] Npm config file: /home/refat/.cache/typescript/4.2/package.json
[18:30:26.042] Updating types-registry npm package...
[18:30:26.042] Exec: /usr/bin/npm install --ignore-scripts types-registry@latest
[18:30:27.846]     Succeeded. stdout:
    
    up to date, audited 2 packages in 2s

found 0 vulnerabilities

[18:30:27.846] Updated types-registry npm package
[18:30:27.896] Got install request {"projectName":"/dev/null/inferredProject1*","fileNames":["/home/refat/.emacs.d/.local/etc/lsp/npm/typescript/lib/node_modules/typescript/lib/lib.es5.d.ts","/home/refat/.emacs.d/.local/etc/lsp/npm/typescript/lib/node_modules/typescript/lib/lib.es2015.d.ts","/home/refat/.emacs.d/.local/etc/lsp/npm/typescript/lib/node_modules/typescript/lib/lib.es2016.d.ts","/home/refat/.emacs.d/.local/etc/lsp/npm/typescript/lib/node_modules/typescript/lib/lib.dom.d.ts","/home/refat/.emacs.d/.local/etc/lsp/npm/typescript/lib/node_modules/typescript/lib/lib.dom.iterable.d.ts","/home/refat/.emacs.d/.local/etc/lsp/npm/typescript/lib/node_modules/typescript/lib/lib.webworker.importscripts.d.ts","/home/refat/.emacs.d/.local/etc/lsp/npm/typescript/lib/node_modules/typescript/lib/lib.scripthost.d.ts","/home/refat/.emacs.d/.local/etc/lsp/npm/typescript/lib/node_modules/typescript/lib/lib.es2015.core.d.ts","/home/refat/.emacs.d/.local/etc/lsp/npm/typescript/lib/node_modules/typescript/lib/lib.es2015.collection.d.ts","/home/refat/.emacs.d/.local/etc/lsp/npm/typescript/lib/node_modules/typescript/lib/lib.es2015.generator.d.ts","/home/refat/.emacs.d/.local/etc/lsp/npm/typescript/lib/node_modules/typescript/lib/lib.es2015.iterable.d.ts","/home/refat/.emacs.d/.local/etc/lsp/npm/typescript/lib/node_modules/typescript/lib/lib.es2015.promise.d.ts","/home/refat/.emacs.d/.local/etc/lsp/npm/typescript/lib/node_modules/typescript/lib/lib.es2015.proxy.d.ts","/home/refat/.emacs.d/.local/etc/lsp/npm/typescript/lib/node_modules/typescript/lib/lib.es2015.reflect.d.ts","/home/refat/.emacs.d/.local/etc/lsp/npm/typescript/lib/node_modules/typescript/lib/lib.es2015.symbol.d.ts","/home/refat/.emacs.d/.local/etc/lsp/npm/typescript/lib/node_modules/typescript/lib/lib.es2015.symbol.wellknown.d.ts","/home/refat/.emacs.d/.local/etc/lsp/npm/typescript/lib/node_modules/typescript/lib/lib.es2016.array.include.d.ts","/home/refat/.emacs.d/.local/etc/lsp/npm/typescript/lib/node_modules/typescript/lib/lib.es2016.full.d.ts","/home/refat/Workspaces/Javascript/Basik2/script.js"],"compilerOptions":{"module":1,"target":3,"jsx":1,"allowJs":true,"allowSyntheticDefaultImports":true,"allowNonTsExtensions":true,"noEmitForJsFiles":true,"maxNodeModuleJsDepth":2},"typeAcquisition":{"enable":true,"include":[],"exclude":[]},"unresolvedImports":[],"projectRootPath":"/home/refat/Workspaces/Javascript/Basik2","kind":"discover"}
[18:30:27.950] Loaded safelist from types map file '/home/refat/.emacs.d/.local/etc/lsp/npm/typescript/lib/node_modules/typescript/lib/typesMap.json'
[18:30:27.951] Explicitly included types: []
[18:30:27.952] Inferred typings from unresolved imports: []
[18:30:27.952] Result: {"cachedTypingPaths":[],"newTypingNames":[],"filesToWatch":["/home/refat/Workspaces/Javascript/Basik2/bower_components","/home/refat/Workspaces/Javascript/Basik2/node_modules"]}
[18:30:27.952] Finished typings discovery: {"cachedTypingPaths":[],"newTypingNames":[],"filesToWatch":["/home/refat/Workspaces/Javascript/Basik2/bower_components","/home/refat/Workspaces/Javascript/Basik2/node_modules"]}
[18:30:27.952] DirectoryWatcher:: Added:: WatchInfo: /home/refat/Workspaces/Javascript/Basik2/bower_components
[18:30:27.953] DirectoryWatcher:: Added:: WatchInfo: /home/refat/Workspaces/Javascript/Basik2/bower_components 1 undefined Project: /dev/null/inferredProject1* watcher already invoked: false
[18:30:27.955] Elapsed:: 1.9459460000507534ms DirectoryWatcher:: Added:: WatchInfo: /home/refat/Workspaces/Javascript/Basik2/bower_components 1 undefined Project: /dev/null/inferredProject1* watcher already invoked: false
[18:30:27.955] DirectoryWatcher:: Added:: WatchInfo: /home/refat/Workspaces/Javascript/Basik2/node_modules
[18:30:27.955] DirectoryWatcher:: Added:: WatchInfo: /home/refat/Workspaces/Javascript/Basik2/node_modules 1 undefined Project: /dev/null/inferredProject1* watcher already invoked: false
[18:30:27.955] Elapsed:: 0.14554399996995926ms DirectoryWatcher:: Added:: WatchInfo: /home/refat/Workspaces/Javascript/Basik2/node_modules 1 undefined Project: /dev/null/inferredProject1* watcher already invoked: false
[18:30:27.956] Sending response:
    {"projectName":"/dev/null/inferredProject1*","typeAcquisition":{"enable":true,"include":[],"exclude":[]},"compilerOptions":{"module":1,"target":3,"jsx":1,"allowJs":true,"allowSyntheticDefaultImports":true,"allowNonTsExtensions":true,"noEmitForJsFiles":true,"maxNodeModuleJsDepth":2},"typings":[],"unresolvedImports":[],"kind":"action::set"}
[18:30:27.956] Response has been sent.
[18:30:27.956] No new typings were requested as a result of typings discovery
