[18:29:48.485] Global cache location '/home/refat/.cache/typescript/4.2', safe file path '/home/refat/.emacs.d/.local/etc/lsp/npm/typescript/lib/node_modules/typescript/lib/typingSafeList.json', types map path /home/refat/.emacs.d/.local/etc/lsp/npm/typescript/lib/node_modules/typescript/lib/typesMap.json
[18:29:48.486] Processing cache location '/home/refat/.cache/typescript/4.2'
[18:29:48.486] Trying to find '/home/refat/.cache/typescript/4.2/package.json'...
[18:29:48.488] Loaded content of '/home/refat/.cache/typescript/4.2/package.json': {"private":true,"dependencies":{"types-registry":"^0.1.536"}}
[18:29:48.488] Loaded content of '/home/refat/.cache/typescript/4.2/package-lock.json'
[18:29:48.488] Finished processing cache location '/home/refat/.cache/typescript/4.2'
[18:29:48.489] Process id: 15975
[18:29:48.489] NPM location: /usr/bin/npm (explicit '--npmLocation' not  provided)
[18:29:48.489] validateDefaultNpmLocation: false
[18:29:48.489] Npm config file: /home/refat/.cache/typescript/4.2/package.json
[18:29:48.489] Updating types-registry npm package...
[18:29:48.489] Exec: /usr/bin/npm install --ignore-scripts types-registry@latest
[18:29:50.673]     Succeeded. stdout:
    
    up to date, audited 2 packages in 2s

found 0 vulnerabilities

[18:29:50.673] Updated types-registry npm package
[18:29:50.711] Got install request {"projectName":"/dev/null/inferredProject1*","fileNames":["/home/refat/.emacs.d/.local/etc/lsp/npm/typescript/lib/node_modules/typescript/lib/lib.es5.d.ts","/home/refat/.emacs.d/.local/etc/lsp/npm/typescript/lib/node_modules/typescript/lib/lib.es2015.d.ts","/home/refat/.emacs.d/.local/etc/lsp/npm/typescript/lib/node_modules/typescript/lib/lib.es2016.d.ts","/home/refat/.emacs.d/.local/etc/lsp/npm/typescript/lib/node_modules/typescript/lib/lib.dom.d.ts","/home/refat/.emacs.d/.local/etc/lsp/npm/typescript/lib/node_modules/typescript/lib/lib.dom.iterable.d.ts","/home/refat/.emacs.d/.local/etc/lsp/npm/typescript/lib/node_modules/typescript/lib/lib.webworker.importscripts.d.ts","/home/refat/.emacs.d/.local/etc/lsp/npm/typescript/lib/node_modules/typescript/lib/lib.scripthost.d.ts","/home/refat/.emacs.d/.local/etc/lsp/npm/typescript/lib/node_modules/typescript/lib/lib.es2015.core.d.ts","/home/refat/.emacs.d/.local/etc/lsp/npm/typescript/lib/node_modules/typescript/lib/lib.es2015.collection.d.ts","/home/refat/.emacs.d/.local/etc/lsp/npm/typescript/lib/node_modules/typescript/lib/lib.es2015.generator.d.ts","/home/refat/.emacs.d/.local/etc/lsp/npm/typescript/lib/node_modules/typescript/lib/lib.es2015.iterable.d.ts","/home/refat/.emacs.d/.local/etc/lsp/npm/typescript/lib/node_modules/typescript/lib/lib.es2015.promise.d.ts","/home/refat/.emacs.d/.local/etc/lsp/npm/typescript/lib/node_modules/typescript/lib/lib.es2015.proxy.d.ts","/home/refat/.emacs.d/.local/etc/lsp/npm/typescript/lib/node_modules/typescript/lib/lib.es2015.reflect.d.ts","/home/refat/.emacs.d/.local/etc/lsp/npm/typescript/lib/node_modules/typescript/lib/lib.es2015.symbol.d.ts","/home/refat/.emacs.d/.local/etc/lsp/npm/typescript/lib/node_modules/typescript/lib/lib.es2015.symbol.wellknown.d.ts","/home/refat/.emacs.d/.local/etc/lsp/npm/typescript/lib/node_modules/typescript/lib/lib.es2016.array.include.d.ts","/home/refat/.emacs.d/.local/etc/lsp/npm/typescript/lib/node_modules/typescript/lib/lib.es2016.full.d.ts","/home/refat/Workspaces/Javascript/Basik2/script.js"],"compilerOptions":{"module":1,"target":3,"jsx":1,"allowJs":true,"allowSyntheticDefaultImports":true,"allowNonTsExtensions":true,"noEmitForJsFiles":true,"maxNodeModuleJsDepth":2},"typeAcquisition":{"enable":true,"include":[],"exclude":[]},"unresolvedImports":[],"projectRootPath":"/home/refat/Workspaces/Javascript/Basik2","kind":"discover"}
[18:29:50.753] Loaded safelist from types map file '/home/refat/.emacs.d/.local/etc/lsp/npm/typescript/lib/node_modules/typescript/lib/typesMap.json'
[18:29:50.754] Explicitly included types: []
[18:29:50.756] Inferred typings from unresolved imports: []
[18:29:50.756] Result: {"cachedTypingPaths":[],"newTypingNames":[],"filesToWatch":["/home/refat/Workspaces/Javascript/Basik2/bower_components","/home/refat/Workspaces/Javascript/Basik2/node_modules"]}
[18:29:50.756] Finished typings discovery: {"cachedTypingPaths":[],"newTypingNames":[],"filesToWatch":["/home/refat/Workspaces/Javascript/Basik2/bower_components","/home/refat/Workspaces/Javascript/Basik2/node_modules"]}
[18:29:50.757] DirectoryWatcher:: Added:: WatchInfo: /home/refat/Workspaces/Javascript/Basik2/bower_components
[18:29:50.757] DirectoryWatcher:: Added:: WatchInfo: /home/refat/Workspaces/Javascript/Basik2/bower_components 1 undefined Project: /dev/null/inferredProject1* watcher already invoked: false
[18:29:50.759] Elapsed:: 1.8802310000173748ms DirectoryWatcher:: Added:: WatchInfo: /home/refat/Workspaces/Javascript/Basik2/bower_components 1 undefined Project: /dev/null/inferredProject1* watcher already invoked: false
[18:29:50.759] DirectoryWatcher:: Added:: WatchInfo: /home/refat/Workspaces/Javascript/Basik2/node_modules
[18:29:50.759] DirectoryWatcher:: Added:: WatchInfo: /home/refat/Workspaces/Javascript/Basik2/node_modules 1 undefined Project: /dev/null/inferredProject1* watcher already invoked: false
[18:29:50.760] Elapsed:: 0.14178700000047684ms DirectoryWatcher:: Added:: WatchInfo: /home/refat/Workspaces/Javascript/Basik2/node_modules 1 undefined Project: /dev/null/inferredProject1* watcher already invoked: false
[18:29:50.760] Sending response:
    {"projectName":"/dev/null/inferredProject1*","typeAcquisition":{"enable":true,"include":[],"exclude":[]},"compilerOptions":{"module":1,"target":3,"jsx":1,"allowJs":true,"allowSyntheticDefaultImports":true,"allowNonTsExtensions":true,"noEmitForJsFiles":true,"maxNodeModuleJsDepth":2},"typings":[],"unresolvedImports":[],"kind":"action::set"}
[18:29:50.760] Response has been sent.
[18:29:50.760] No new typings were requested as a result of typings discovery
