[15:14:17.448] Global cache location '/home/refat/.cache/typescript/4.3', safe file path '/home/refat/.emacs.d/.local/etc/lsp/npm/typescript/lib/node_modules/typescript/lib/typingSafeList.json', types map path /home/refat/.emacs.d/.local/etc/lsp/npm/typescript/lib/node_modules/typescript/lib/typesMap.json
[15:14:17.449] Processing cache location '/home/refat/.cache/typescript/4.3'
[15:14:17.449] Trying to find '/home/refat/.cache/typescript/4.3/package.json'...
[15:14:17.449] Loaded content of '/home/refat/.cache/typescript/4.3/package.json': {"private":true,"dependencies":{"types-registry":"^0.1.559"}}
[15:14:17.449] Loaded content of '/home/refat/.cache/typescript/4.3/package-lock.json'
[15:14:17.449] Finished processing cache location '/home/refat/.cache/typescript/4.3'
[15:14:17.450] Process id: 18355
[15:14:17.450] NPM location: /usr/bin/npm (explicit '--npmLocation' not  provided)
[15:14:17.450] validateDefaultNpmLocation: false
[15:14:17.450] Npm config file: /home/refat/.cache/typescript/4.3/package.json
[15:14:17.450] Updating types-registry npm package...
[15:14:17.450] Exec: /usr/bin/npm install --ignore-scripts types-registry@latest
[15:14:18.556]     Succeeded. stdout:
    
    up to date, audited 2 packages in 990ms

found 0 vulnerabilities

[15:14:18.557] Updated types-registry npm package
[15:14:18.581] Got install request {"projectName":"/dev/null/inferredProject1*","fileNames":["/home/refat/.emacs.d/.local/etc/lsp/npm/typescript/lib/node_modules/typescript/lib/lib.es5.d.ts","/home/refat/.emacs.d/.local/etc/lsp/npm/typescript/lib/node_modules/typescript/lib/lib.es2015.d.ts","/home/refat/.emacs.d/.local/etc/lsp/npm/typescript/lib/node_modules/typescript/lib/lib.es2016.d.ts","/home/refat/.emacs.d/.local/etc/lsp/npm/typescript/lib/node_modules/typescript/lib/lib.dom.d.ts","/home/refat/.emacs.d/.local/etc/lsp/npm/typescript/lib/node_modules/typescript/lib/lib.dom.iterable.d.ts","/home/refat/.emacs.d/.local/etc/lsp/npm/typescript/lib/node_modules/typescript/lib/lib.webworker.importscripts.d.ts","/home/refat/.emacs.d/.local/etc/lsp/npm/typescript/lib/node_modules/typescript/lib/lib.scripthost.d.ts","/home/refat/.emacs.d/.local/etc/lsp/npm/typescript/lib/node_modules/typescript/lib/lib.es2015.core.d.ts","/home/refat/.emacs.d/.local/etc/lsp/npm/typescript/lib/node_modules/typescript/lib/lib.es2015.collection.d.ts","/home/refat/.emacs.d/.local/etc/lsp/npm/typescript/lib/node_modules/typescript/lib/lib.es2015.generator.d.ts","/home/refat/.emacs.d/.local/etc/lsp/npm/typescript/lib/node_modules/typescript/lib/lib.es2015.iterable.d.ts","/home/refat/.emacs.d/.local/etc/lsp/npm/typescript/lib/node_modules/typescript/lib/lib.es2015.promise.d.ts","/home/refat/.emacs.d/.local/etc/lsp/npm/typescript/lib/node_modules/typescript/lib/lib.es2015.proxy.d.ts","/home/refat/.emacs.d/.local/etc/lsp/npm/typescript/lib/node_modules/typescript/lib/lib.es2015.reflect.d.ts","/home/refat/.emacs.d/.local/etc/lsp/npm/typescript/lib/node_modules/typescript/lib/lib.es2015.symbol.d.ts","/home/refat/.emacs.d/.local/etc/lsp/npm/typescript/lib/node_modules/typescript/lib/lib.es2015.symbol.wellknown.d.ts","/home/refat/.emacs.d/.local/etc/lsp/npm/typescript/lib/node_modules/typescript/lib/lib.es2016.array.include.d.ts","/home/refat/.emacs.d/.local/etc/lsp/npm/typescript/lib/node_modules/typescript/lib/lib.es2016.full.d.ts","/home/refat/Workspaces/Javascript/07-Pig-Game/starter/script.js"],"compilerOptions":{"module":1,"target":3,"jsx":1,"allowJs":true,"allowSyntheticDefaultImports":true,"allowNonTsExtensions":true,"noEmitForJsFiles":true,"maxNodeModuleJsDepth":2},"typeAcquisition":{"enable":true,"include":[],"exclude":[]},"unresolvedImports":[],"projectRootPath":"/home/refat/Workspaces/Javascript/07-Pig-Game/starter","kind":"discover"}
[15:14:18.605] Loaded safelist from types map file '/home/refat/.emacs.d/.local/etc/lsp/npm/typescript/lib/node_modules/typescript/lib/typesMap.json'
[15:14:18.606] Explicitly included types: []
[15:14:18.607] Inferred typings from unresolved imports: []
[15:14:18.607] Result: {"cachedTypingPaths":[],"newTypingNames":[],"filesToWatch":["/home/refat/Workspaces/Javascript/07-Pig-Game/starter/bower_components","/home/refat/Workspaces/Javascript/07-Pig-Game/starter/node_modules"]}
[15:14:18.607] Finished typings discovery: {"cachedTypingPaths":[],"newTypingNames":[],"filesToWatch":["/home/refat/Workspaces/Javascript/07-Pig-Game/starter/bower_components","/home/refat/Workspaces/Javascript/07-Pig-Game/starter/node_modules"]}
[15:14:18.607] DirectoryWatcher:: Added:: WatchInfo: /home/refat/Workspaces/Javascript/07-Pig-Game/starter/bower_components
[15:14:18.608] DirectoryWatcher:: Added:: WatchInfo: /home/refat/Workspaces/Javascript/07-Pig-Game/starter/bower_components 1 undefined Project: /dev/null/inferredProject1* watcher already invoked: false
[15:14:18.609] Elapsed:: 1.1264530001208186ms DirectoryWatcher:: Added:: WatchInfo: /home/refat/Workspaces/Javascript/07-Pig-Game/starter/bower_components 1 undefined Project: /dev/null/inferredProject1* watcher already invoked: false
[15:14:18.609] DirectoryWatcher:: Added:: WatchInfo: /home/refat/Workspaces/Javascript/07-Pig-Game/starter/node_modules
[15:14:18.609] DirectoryWatcher:: Added:: WatchInfo: /home/refat/Workspaces/Javascript/07-Pig-Game/starter/node_modules 1 undefined Project: /dev/null/inferredProject1* watcher already invoked: false
[15:14:18.609] Elapsed:: 0.08996900008060038ms DirectoryWatcher:: Added:: WatchInfo: /home/refat/Workspaces/Javascript/07-Pig-Game/starter/node_modules 1 undefined Project: /dev/null/inferredProject1* watcher already invoked: false
[15:14:18.609] Sending response:
    {"projectName":"/dev/null/inferredProject1*","typeAcquisition":{"enable":true,"include":[],"exclude":[]},"compilerOptions":{"module":1,"target":3,"jsx":1,"allowJs":true,"allowSyntheticDefaultImports":true,"allowNonTsExtensions":true,"noEmitForJsFiles":true,"maxNodeModuleJsDepth":2},"typings":[],"unresolvedImports":[],"kind":"action::set"}
[15:14:18.609] Response has been sent.
[15:14:18.609] No new typings were requested as a result of typings discovery
