[22:42:45.182] Global cache location '/home/refat/.cache/typescript/4.5', safe file path '/home/refat/.emacs.d/.local/etc/lsp/npm/typescript/lib/node_modules/typescript/lib/typingSafeList.json', types map path /home/refat/.emacs.d/.local/etc/lsp/npm/typescript/lib/node_modules/typescript/lib/typesMap.json
[22:42:45.183] Processing cache location '/home/refat/.cache/typescript/4.5'
[22:42:45.183] Trying to find '/home/refat/.cache/typescript/4.5/package.json'...
[22:42:45.183] Finished processing cache location '/home/refat/.cache/typescript/4.5'
[22:42:45.183] Process id: 2341
[22:42:45.183] NPM location: /usr/bin/npm (explicit '--npmLocation' not  provided)
[22:42:45.183] validateDefaultNpmLocation: false
[22:42:45.183] Npm config file: /home/refat/.cache/typescript/4.5/package.json
[22:42:45.183] Npm config file: '/home/refat/.cache/typescript/4.5/package.json' is missing, creating new one...
[22:42:45.184] Updating types-registry npm package...
[22:42:45.184] Exec: /usr/bin/npm install --ignore-scripts types-registry@latest
[22:42:46.705]     Succeeded. stdout:
    
    added 1 package, and audited 2 packages in 1s

found 0 vulnerabilities

[22:42:46.705] Updated types-registry npm package
[22:42:46.732] Got install request {"projectName":"/dev/null/inferredProject1*","fileNames":["/home/refat/.emacs.d/.local/etc/lsp/npm/typescript/lib/node_modules/typescript/lib/lib.es5.d.ts","/home/refat/.emacs.d/.local/etc/lsp/npm/typescript/lib/node_modules/typescript/lib/lib.es2015.d.ts","/home/refat/.emacs.d/.local/etc/lsp/npm/typescript/lib/node_modules/typescript/lib/lib.es2016.d.ts","/home/refat/.emacs.d/.local/etc/lsp/npm/typescript/lib/node_modules/typescript/lib/lib.dom.d.ts","/home/refat/.emacs.d/.local/etc/lsp/npm/typescript/lib/node_modules/typescript/lib/lib.dom.iterable.d.ts","/home/refat/.emacs.d/.local/etc/lsp/npm/typescript/lib/node_modules/typescript/lib/lib.webworker.importscripts.d.ts","/home/refat/.emacs.d/.local/etc/lsp/npm/typescript/lib/node_modules/typescript/lib/lib.scripthost.d.ts","/home/refat/.emacs.d/.local/etc/lsp/npm/typescript/lib/node_modules/typescript/lib/lib.es2015.core.d.ts","/home/refat/.emacs.d/.local/etc/lsp/npm/typescript/lib/node_modules/typescript/lib/lib.es2015.collection.d.ts","/home/refat/.emacs.d/.local/etc/lsp/npm/typescript/lib/node_modules/typescript/lib/lib.es2015.generator.d.ts","/home/refat/.emacs.d/.local/etc/lsp/npm/typescript/lib/node_modules/typescript/lib/lib.es2015.iterable.d.ts","/home/refat/.emacs.d/.local/etc/lsp/npm/typescript/lib/node_modules/typescript/lib/lib.es2015.promise.d.ts","/home/refat/.emacs.d/.local/etc/lsp/npm/typescript/lib/node_modules/typescript/lib/lib.es2015.proxy.d.ts","/home/refat/.emacs.d/.local/etc/lsp/npm/typescript/lib/node_modules/typescript/lib/lib.es2015.reflect.d.ts","/home/refat/.emacs.d/.local/etc/lsp/npm/typescript/lib/node_modules/typescript/lib/lib.es2015.symbol.d.ts","/home/refat/.emacs.d/.local/etc/lsp/npm/typescript/lib/node_modules/typescript/lib/lib.es2015.symbol.wellknown.d.ts","/home/refat/.emacs.d/.local/etc/lsp/npm/typescript/lib/node_modules/typescript/lib/lib.es2016.array.include.d.ts","/home/refat/.emacs.d/.local/etc/lsp/npm/typescript/lib/node_modules/typescript/lib/lib.es2016.full.d.ts","/home/refat/Workspaces/Javascript/shortcircuit.js"],"compilerOptions":{"module":1,"target":3,"jsx":1,"allowJs":true,"allowSyntheticDefaultImports":true,"allowNonTsExtensions":true,"noEmitForJsFiles":true,"maxNodeModuleJsDepth":2},"typeAcquisition":{"enable":true,"include":[],"exclude":[]},"unresolvedImports":[],"projectRootPath":"/home/refat/Workspaces/Javascript","kind":"discover"}
[22:42:46.749] Loaded safelist from types map file '/home/refat/.emacs.d/.local/etc/lsp/npm/typescript/lib/node_modules/typescript/lib/typesMap.json'
[22:42:46.749] Explicitly included types: []
[22:42:46.750] Inferred typings from unresolved imports: []
[22:42:46.750] Result: {"cachedTypingPaths":[],"newTypingNames":[],"filesToWatch":["/home/refat/Workspaces/Javascript/bower_components","/home/refat/Workspaces/Javascript/node_modules"]}
[22:42:46.750] Finished typings discovery: {"cachedTypingPaths":[],"newTypingNames":[],"filesToWatch":["/home/refat/Workspaces/Javascript/bower_components","/home/refat/Workspaces/Javascript/node_modules"]}
[22:42:46.750] DirectoryWatcher:: Added:: WatchInfo: /home/refat/Workspaces/Javascript/bower_components
[22:42:46.751] DirectoryWatcher:: Added:: WatchInfo: /home/refat/Workspaces/Javascript/bower_components 1 undefined Project: /dev/null/inferredProject1* watcher already invoked: false
[22:42:46.752] Elapsed:: 1.2804370000085328ms DirectoryWatcher:: Added:: WatchInfo: /home/refat/Workspaces/Javascript/bower_components 1 undefined Project: /dev/null/inferredProject1* watcher already invoked: false
[22:42:46.752] DirectoryWatcher:: Added:: WatchInfo: /home/refat/Workspaces/Javascript/node_modules
[22:42:46.752] DirectoryWatcher:: Added:: WatchInfo: /home/refat/Workspaces/Javascript/node_modules 1 undefined Project: /dev/null/inferredProject1* watcher already invoked: false
[22:42:46.752] Elapsed:: 0.09676299999409821ms DirectoryWatcher:: Added:: WatchInfo: /home/refat/Workspaces/Javascript/node_modules 1 undefined Project: /dev/null/inferredProject1* watcher already invoked: false
[22:42:46.752] Sending response:
    {"projectName":"/dev/null/inferredProject1*","typeAcquisition":{"enable":true,"include":[],"exclude":[]},"compilerOptions":{"module":1,"target":3,"jsx":1,"allowJs":true,"allowSyntheticDefaultImports":true,"allowNonTsExtensions":true,"noEmitForJsFiles":true,"maxNodeModuleJsDepth":2},"typings":[],"unresolvedImports":[],"kind":"action::set"}
[22:42:46.753] Response has been sent.
[22:42:46.753] No new typings were requested as a result of typings discovery
[22:43:16.054] Got install request {"projectName":"/dev/null/inferredProject2*","fileNames":["/home/refat/.emacs.d/.local/etc/lsp/npm/typescript/lib/node_modules/typescript/lib/lib.es5.d.ts","/home/refat/.emacs.d/.local/etc/lsp/npm/typescript/lib/node_modules/typescript/lib/lib.es2015.d.ts","/home/refat/.emacs.d/.local/etc/lsp/npm/typescript/lib/node_modules/typescript/lib/lib.es2016.d.ts","/home/refat/.emacs.d/.local/etc/lsp/npm/typescript/lib/node_modules/typescript/lib/lib.dom.d.ts","/home/refat/.emacs.d/.local/etc/lsp/npm/typescript/lib/node_modules/typescript/lib/lib.dom.iterable.d.ts","/home/refat/.emacs.d/.local/etc/lsp/npm/typescript/lib/node_modules/typescript/lib/lib.webworker.importscripts.d.ts","/home/refat/.emacs.d/.local/etc/lsp/npm/typescript/lib/node_modules/typescript/lib/lib.scripthost.d.ts","/home/refat/.emacs.d/.local/etc/lsp/npm/typescript/lib/node_modules/typescript/lib/lib.es2015.core.d.ts","/home/refat/.emacs.d/.local/etc/lsp/npm/typescript/lib/node_modules/typescript/lib/lib.es2015.collection.d.ts","/home/refat/.emacs.d/.local/etc/lsp/npm/typescript/lib/node_modules/typescript/lib/lib.es2015.generator.d.ts","/home/refat/.emacs.d/.local/etc/lsp/npm/typescript/lib/node_modules/typescript/lib/lib.es2015.iterable.d.ts","/home/refat/.emacs.d/.local/etc/lsp/npm/typescript/lib/node_modules/typescript/lib/lib.es2015.promise.d.ts","/home/refat/.emacs.d/.local/etc/lsp/npm/typescript/lib/node_modules/typescript/lib/lib.es2015.proxy.d.ts","/home/refat/.emacs.d/.local/etc/lsp/npm/typescript/lib/node_modules/typescript/lib/lib.es2015.reflect.d.ts","/home/refat/.emacs.d/.local/etc/lsp/npm/typescript/lib/node_modules/typescript/lib/lib.es2015.symbol.d.ts","/home/refat/.emacs.d/.local/etc/lsp/npm/typescript/lib/node_modules/typescript/lib/lib.es2015.symbol.wellknown.d.ts","/home/refat/.emacs.d/.local/etc/lsp/npm/typescript/lib/node_modules/typescript/lib/lib.es2016.array.include.d.ts","/home/refat/.emacs.d/.local/etc/lsp/npm/typescript/lib/node_modules/typescript/lib/lib.es2016.full.d.ts","/home/refat/Workspaces/Javascript/script.js"],"compilerOptions":{"module":1,"target":3,"jsx":1,"allowJs":true,"allowSyntheticDefaultImports":true,"allowNonTsExtensions":true,"noEmitForJsFiles":true,"maxNodeModuleJsDepth":2},"typeAcquisition":{"enable":true,"include":[],"exclude":[]},"unresolvedImports":[],"projectRootPath":"/home/refat/Workspaces/Javascript","kind":"discover"}
[22:43:16.055] Explicitly included types: []
[22:43:16.055] Inferred typings from unresolved imports: []
[22:43:16.055] Result: {"cachedTypingPaths":[],"newTypingNames":[],"filesToWatch":["/home/refat/Workspaces/Javascript/bower_components","/home/refat/Workspaces/Javascript/node_modules"]}
[22:43:16.055] Finished typings discovery: {"cachedTypingPaths":[],"newTypingNames":[],"filesToWatch":["/home/refat/Workspaces/Javascript/bower_components","/home/refat/Workspaces/Javascript/node_modules"]}
[22:43:16.056] DirectoryWatcher:: Added:: WatchInfo: /home/refat/Workspaces/Javascript/bower_components
[22:43:16.056] DirectoryWatcher:: Added:: WatchInfo: /home/refat/Workspaces/Javascript/bower_components 1 undefined Project: /dev/null/inferredProject2* watcher already invoked: false
[22:43:16.056] Elapsed:: 0.02822300000116229ms DirectoryWatcher:: Added:: WatchInfo: /home/refat/Workspaces/Javascript/bower_components 1 undefined Project: /dev/null/inferredProject2* watcher already invoked: false
[22:43:16.056] DirectoryWatcher:: Added:: WatchInfo: /home/refat/Workspaces/Javascript/node_modules
[22:43:16.056] DirectoryWatcher:: Added:: WatchInfo: /home/refat/Workspaces/Javascript/node_modules 1 undefined Project: /dev/null/inferredProject2* watcher already invoked: false
[22:43:16.056] Elapsed:: 0.018163999979151413ms DirectoryWatcher:: Added:: WatchInfo: /home/refat/Workspaces/Javascript/node_modules 1 undefined Project: /dev/null/inferredProject2* watcher already invoked: false
[22:43:16.056] Sending response:
    {"projectName":"/dev/null/inferredProject2*","typeAcquisition":{"enable":true,"include":[],"exclude":[]},"compilerOptions":{"module":1,"target":3,"jsx":1,"allowJs":true,"allowSyntheticDefaultImports":true,"allowNonTsExtensions":true,"noEmitForJsFiles":true,"maxNodeModuleJsDepth":2},"typings":[],"unresolvedImports":[],"kind":"action::set"}
[22:43:16.056] Response has been sent.
[22:43:16.056] No new typings were requested as a result of typings discovery
