[12:19:58.090] Global cache location '/home/refat/.cache/typescript/4.3', safe file path '/home/refat/.emacs.d/.local/etc/lsp/npm/typescript/lib/node_modules/typescript/lib/typingSafeList.json', types map path /home/refat/.emacs.d/.local/etc/lsp/npm/typescript/lib/node_modules/typescript/lib/typesMap.json
[12:19:58.091] Processing cache location '/home/refat/.cache/typescript/4.3'
[12:19:58.091] Trying to find '/home/refat/.cache/typescript/4.3/package.json'...
[12:19:58.092] Loaded content of '/home/refat/.cache/typescript/4.3/package.json': {"private":true,"dependencies":{"types-registry":"^0.1.559"}}
[12:19:58.092] Loaded content of '/home/refat/.cache/typescript/4.3/package-lock.json'
[12:19:58.092] Finished processing cache location '/home/refat/.cache/typescript/4.3'
[12:19:58.092] Process id: 2934
[12:19:58.092] NPM location: /usr/bin/npm (explicit '--npmLocation' not  provided)
[12:19:58.092] validateDefaultNpmLocation: false
[12:19:58.093] Npm config file: /home/refat/.cache/typescript/4.3/package.json
[12:19:58.093] Updating types-registry npm package...
[12:19:58.093] Exec: /usr/bin/npm install --ignore-scripts types-registry@latest
[12:20:00.332]     Succeeded. stdout:
    
    up to date, audited 2 packages in 2s

found 0 vulnerabilities

[12:20:00.333] Updated types-registry npm package
[12:20:00.364] Got install request {"projectName":"/dev/null/inferredProject1*","fileNames":["/home/refat/.emacs.d/.local/etc/lsp/npm/typescript/lib/node_modules/typescript/lib/lib.es5.d.ts","/home/refat/.emacs.d/.local/etc/lsp/npm/typescript/lib/node_modules/typescript/lib/lib.es2015.d.ts","/home/refat/.emacs.d/.local/etc/lsp/npm/typescript/lib/node_modules/typescript/lib/lib.es2016.d.ts","/home/refat/.emacs.d/.local/etc/lsp/npm/typescript/lib/node_modules/typescript/lib/lib.dom.d.ts","/home/refat/.emacs.d/.local/etc/lsp/npm/typescript/lib/node_modules/typescript/lib/lib.dom.iterable.d.ts","/home/refat/.emacs.d/.local/etc/lsp/npm/typescript/lib/node_modules/typescript/lib/lib.webworker.importscripts.d.ts","/home/refat/.emacs.d/.local/etc/lsp/npm/typescript/lib/node_modules/typescript/lib/lib.scripthost.d.ts","/home/refat/.emacs.d/.local/etc/lsp/npm/typescript/lib/node_modules/typescript/lib/lib.es2015.core.d.ts","/home/refat/.emacs.d/.local/etc/lsp/npm/typescript/lib/node_modules/typescript/lib/lib.es2015.collection.d.ts","/home/refat/.emacs.d/.local/etc/lsp/npm/typescript/lib/node_modules/typescript/lib/lib.es2015.generator.d.ts","/home/refat/.emacs.d/.local/etc/lsp/npm/typescript/lib/node_modules/typescript/lib/lib.es2015.iterable.d.ts","/home/refat/.emacs.d/.local/etc/lsp/npm/typescript/lib/node_modules/typescript/lib/lib.es2015.promise.d.ts","/home/refat/.emacs.d/.local/etc/lsp/npm/typescript/lib/node_modules/typescript/lib/lib.es2015.proxy.d.ts","/home/refat/.emacs.d/.local/etc/lsp/npm/typescript/lib/node_modules/typescript/lib/lib.es2015.reflect.d.ts","/home/refat/.emacs.d/.local/etc/lsp/npm/typescript/lib/node_modules/typescript/lib/lib.es2015.symbol.d.ts","/home/refat/.emacs.d/.local/etc/lsp/npm/typescript/lib/node_modules/typescript/lib/lib.es2015.symbol.wellknown.d.ts","/home/refat/.emacs.d/.local/etc/lsp/npm/typescript/lib/node_modules/typescript/lib/lib.es2016.array.include.d.ts","/home/refat/.emacs.d/.local/etc/lsp/npm/typescript/lib/node_modules/typescript/lib/lib.es2016.full.d.ts","/home/refat/Workspaces/Javascript/07-Pig-Game/starter/script.js"],"compilerOptions":{"module":1,"target":3,"jsx":1,"allowJs":true,"allowSyntheticDefaultImports":true,"allowNonTsExtensions":true,"noEmitForJsFiles":true,"maxNodeModuleJsDepth":2},"typeAcquisition":{"enable":true,"include":[],"exclude":[]},"unresolvedImports":[],"projectRootPath":"/home/refat/Workspaces/Javascript/07-Pig-Game/starter","kind":"discover"}
[12:20:00.390] Loaded safelist from types map file '/home/refat/.emacs.d/.local/etc/lsp/npm/typescript/lib/node_modules/typescript/lib/typesMap.json'
[12:20:00.391] Explicitly included types: []
[12:20:00.392] Inferred typings from unresolved imports: []
[12:20:00.392] Result: {"cachedTypingPaths":[],"newTypingNames":[],"filesToWatch":["/home/refat/Workspaces/Javascript/07-Pig-Game/starter/bower_components","/home/refat/Workspaces/Javascript/07-Pig-Game/starter/node_modules"]}
[12:20:00.392] Finished typings discovery: {"cachedTypingPaths":[],"newTypingNames":[],"filesToWatch":["/home/refat/Workspaces/Javascript/07-Pig-Game/starter/bower_components","/home/refat/Workspaces/Javascript/07-Pig-Game/starter/node_modules"]}
[12:20:00.392] DirectoryWatcher:: Added:: WatchInfo: /home/refat/Workspaces/Javascript/07-Pig-Game/starter/bower_components
[12:20:00.392] DirectoryWatcher:: Added:: WatchInfo: /home/refat/Workspaces/Javascript/07-Pig-Game/starter/bower_components 1 undefined Project: /dev/null/inferredProject1* watcher already invoked: false
[12:20:00.394] Elapsed:: 1.4928519999957643ms DirectoryWatcher:: Added:: WatchInfo: /home/refat/Workspaces/Javascript/07-Pig-Game/starter/bower_components 1 undefined Project: /dev/null/inferredProject1* watcher already invoked: false
[12:20:00.394] DirectoryWatcher:: Added:: WatchInfo: /home/refat/Workspaces/Javascript/07-Pig-Game/starter/node_modules
[12:20:00.394] DirectoryWatcher:: Added:: WatchInfo: /home/refat/Workspaces/Javascript/07-Pig-Game/starter/node_modules 1 undefined Project: /dev/null/inferredProject1* watcher already invoked: false
[12:20:00.395] Elapsed:: 0.21931700001005083ms DirectoryWatcher:: Added:: WatchInfo: /home/refat/Workspaces/Javascript/07-Pig-Game/starter/node_modules 1 undefined Project: /dev/null/inferredProject1* watcher already invoked: false
[12:20:00.395] Sending response:
    {"projectName":"/dev/null/inferredProject1*","typeAcquisition":{"enable":true,"include":[],"exclude":[]},"compilerOptions":{"module":1,"target":3,"jsx":1,"allowJs":true,"allowSyntheticDefaultImports":true,"allowNonTsExtensions":true,"noEmitForJsFiles":true,"maxNodeModuleJsDepth":2},"typings":[],"unresolvedImports":[],"kind":"action::set"}
[12:20:00.395] Response has been sent.
[12:20:00.395] No new typings were requested as a result of typings discovery
