[16:54:06.778] Global cache location '/home/refat/.cache/typescript/4.3', safe file path '/home/refat/.emacs.d/.local/etc/lsp/npm/typescript/lib/node_modules/typescript/lib/typingSafeList.json', types map path /home/refat/.emacs.d/.local/etc/lsp/npm/typescript/lib/node_modules/typescript/lib/typesMap.json
[16:54:06.779] Processing cache location '/home/refat/.cache/typescript/4.3'
[16:54:06.780] Trying to find '/home/refat/.cache/typescript/4.3/package.json'...
[16:54:06.780] Loaded content of '/home/refat/.cache/typescript/4.3/package.json': {"private":true,"dependencies":{"types-registry":"^0.1.555"}}
[16:54:06.780] Loaded content of '/home/refat/.cache/typescript/4.3/package-lock.json'
[16:54:06.780] Finished processing cache location '/home/refat/.cache/typescript/4.3'
[16:54:06.781] Process id: 24872
[16:54:06.781] NPM location: /usr/bin/npm (explicit '--npmLocation' not  provided)
[16:54:06.781] validateDefaultNpmLocation: false
[16:54:06.781] Npm config file: /home/refat/.cache/typescript/4.3/package.json
[16:54:06.781] Updating types-registry npm package...
[16:54:06.781] Exec: /usr/bin/npm install --ignore-scripts types-registry@latest
[16:54:07.893]     Succeeded. stdout:
    
    up to date, audited 2 packages in 915ms

found 0 vulnerabilities

[16:54:07.893] Updated types-registry npm package
[16:54:07.938] Got install request {"projectName":"/dev/null/inferredProject1*","fileNames":["/home/refat/.emacs.d/.local/etc/lsp/npm/typescript/lib/node_modules/typescript/lib/lib.es5.d.ts","/home/refat/.emacs.d/.local/etc/lsp/npm/typescript/lib/node_modules/typescript/lib/lib.es2015.d.ts","/home/refat/.emacs.d/.local/etc/lsp/npm/typescript/lib/node_modules/typescript/lib/lib.es2016.d.ts","/home/refat/.emacs.d/.local/etc/lsp/npm/typescript/lib/node_modules/typescript/lib/lib.dom.d.ts","/home/refat/.emacs.d/.local/etc/lsp/npm/typescript/lib/node_modules/typescript/lib/lib.dom.iterable.d.ts","/home/refat/.emacs.d/.local/etc/lsp/npm/typescript/lib/node_modules/typescript/lib/lib.webworker.importscripts.d.ts","/home/refat/.emacs.d/.local/etc/lsp/npm/typescript/lib/node_modules/typescript/lib/lib.scripthost.d.ts","/home/refat/.emacs.d/.local/etc/lsp/npm/typescript/lib/node_modules/typescript/lib/lib.es2015.core.d.ts","/home/refat/.emacs.d/.local/etc/lsp/npm/typescript/lib/node_modules/typescript/lib/lib.es2015.collection.d.ts","/home/refat/.emacs.d/.local/etc/lsp/npm/typescript/lib/node_modules/typescript/lib/lib.es2015.generator.d.ts","/home/refat/.emacs.d/.local/etc/lsp/npm/typescript/lib/node_modules/typescript/lib/lib.es2015.iterable.d.ts","/home/refat/.emacs.d/.local/etc/lsp/npm/typescript/lib/node_modules/typescript/lib/lib.es2015.promise.d.ts","/home/refat/.emacs.d/.local/etc/lsp/npm/typescript/lib/node_modules/typescript/lib/lib.es2015.proxy.d.ts","/home/refat/.emacs.d/.local/etc/lsp/npm/typescript/lib/node_modules/typescript/lib/lib.es2015.reflect.d.ts","/home/refat/.emacs.d/.local/etc/lsp/npm/typescript/lib/node_modules/typescript/lib/lib.es2015.symbol.d.ts","/home/refat/.emacs.d/.local/etc/lsp/npm/typescript/lib/node_modules/typescript/lib/lib.es2015.symbol.wellknown.d.ts","/home/refat/.emacs.d/.local/etc/lsp/npm/typescript/lib/node_modules/typescript/lib/lib.es2016.array.include.d.ts","/home/refat/.emacs.d/.local/etc/lsp/npm/typescript/lib/node_modules/typescript/lib/lib.es2016.full.d.ts","/home/refat/Workspaces/Javascript/07-Pig-Game/final/script.js"],"compilerOptions":{"module":1,"target":3,"jsx":1,"allowJs":true,"allowSyntheticDefaultImports":true,"allowNonTsExtensions":true,"noEmitForJsFiles":true,"maxNodeModuleJsDepth":2},"typeAcquisition":{"enable":true,"include":[],"exclude":[]},"unresolvedImports":[],"projectRootPath":"/home/refat/Workspaces/Javascript/07-Pig-Game/final","kind":"discover"}
[16:54:07.993] Loaded safelist from types map file '/home/refat/.emacs.d/.local/etc/lsp/npm/typescript/lib/node_modules/typescript/lib/typesMap.json'
[16:54:07.994] Explicitly included types: []
[16:54:07.996] Inferred typings from unresolved imports: []
[16:54:07.996] Result: {"cachedTypingPaths":[],"newTypingNames":[],"filesToWatch":["/home/refat/Workspaces/Javascript/07-Pig-Game/final/bower_components","/home/refat/Workspaces/Javascript/07-Pig-Game/final/node_modules"]}
[16:54:07.996] Finished typings discovery: {"cachedTypingPaths":[],"newTypingNames":[],"filesToWatch":["/home/refat/Workspaces/Javascript/07-Pig-Game/final/bower_components","/home/refat/Workspaces/Javascript/07-Pig-Game/final/node_modules"]}
[16:54:07.996] DirectoryWatcher:: Added:: WatchInfo: /home/refat/Workspaces/Javascript/07-Pig-Game/final/bower_components
[16:54:07.997] DirectoryWatcher:: Added:: WatchInfo: /home/refat/Workspaces/Javascript/07-Pig-Game/final/bower_components 1 undefined Project: /dev/null/inferredProject1* watcher already invoked: false
[16:54:07.999] Elapsed:: 1.8492890000343323ms DirectoryWatcher:: Added:: WatchInfo: /home/refat/Workspaces/Javascript/07-Pig-Game/final/bower_components 1 undefined Project: /dev/null/inferredProject1* watcher already invoked: false
[16:54:07.999] DirectoryWatcher:: Added:: WatchInfo: /home/refat/Workspaces/Javascript/07-Pig-Game/final/node_modules
[16:54:08.000] DirectoryWatcher:: Added:: WatchInfo: /home/refat/Workspaces/Javascript/07-Pig-Game/final/node_modules 1 undefined Project: /dev/null/inferredProject1* watcher already invoked: false
[16:54:08.000] Elapsed:: 0.16040300019085407ms DirectoryWatcher:: Added:: WatchInfo: /home/refat/Workspaces/Javascript/07-Pig-Game/final/node_modules 1 undefined Project: /dev/null/inferredProject1* watcher already invoked: false
[16:54:08.000] Sending response:
    {"projectName":"/dev/null/inferredProject1*","typeAcquisition":{"enable":true,"include":[],"exclude":[]},"compilerOptions":{"module":1,"target":3,"jsx":1,"allowJs":true,"allowSyntheticDefaultImports":true,"allowNonTsExtensions":true,"noEmitForJsFiles":true,"maxNodeModuleJsDepth":2},"typings":[],"unresolvedImports":[],"kind":"action::set"}
[16:54:08.000] Response has been sent.
[16:54:08.001] No new typings were requested as a result of typings discovery
