[01:33:13.153] Global cache location '/home/refat/.cache/typescript/4.2', safe file path '/home/refat/.emacs.d/.local/etc/lsp/npm/typescript/lib/node_modules/typescript/lib/typingSafeList.json', types map path /home/refat/.emacs.d/.local/etc/lsp/npm/typescript/lib/node_modules/typescript/lib/typesMap.json
[01:33:13.154] Processing cache location '/home/refat/.cache/typescript/4.2'
[01:33:13.154] Trying to find '/home/refat/.cache/typescript/4.2/package.json'...
[01:33:13.156] Loaded content of '/home/refat/.cache/typescript/4.2/package.json': {"private":true,"dependencies":{"types-registry":"^0.1.536"}}
[01:33:13.156] Loaded content of '/home/refat/.cache/typescript/4.2/package-lock.json'
[01:33:13.156] Finished processing cache location '/home/refat/.cache/typescript/4.2'
[01:33:13.157] Process id: 3905
[01:33:13.157] NPM location: /usr/bin/npm (explicit '--npmLocation' not  provided)
[01:33:13.157] validateDefaultNpmLocation: false
[01:33:13.157] Npm config file: /home/refat/.cache/typescript/4.2/package.json
[01:33:13.157] Updating types-registry npm package...
[01:33:13.157] Exec: /usr/bin/npm install --ignore-scripts types-registry@latest
[01:33:15.190]     Succeeded. stdout:
    
    up to date, audited 2 packages in 2s

found 0 vulnerabilities

[01:33:15.190] Updated types-registry npm package
[01:33:15.236] Got install request {"projectName":"/dev/null/inferredProject1*","fileNames":["/home/refat/.emacs.d/.local/etc/lsp/npm/typescript/lib/node_modules/typescript/lib/lib.es5.d.ts","/home/refat/.emacs.d/.local/etc/lsp/npm/typescript/lib/node_modules/typescript/lib/lib.es2015.d.ts","/home/refat/.emacs.d/.local/etc/lsp/npm/typescript/lib/node_modules/typescript/lib/lib.es2016.d.ts","/home/refat/.emacs.d/.local/etc/lsp/npm/typescript/lib/node_modules/typescript/lib/lib.dom.d.ts","/home/refat/.emacs.d/.local/etc/lsp/npm/typescript/lib/node_modules/typescript/lib/lib.dom.iterable.d.ts","/home/refat/.emacs.d/.local/etc/lsp/npm/typescript/lib/node_modules/typescript/lib/lib.webworker.importscripts.d.ts","/home/refat/.emacs.d/.local/etc/lsp/npm/typescript/lib/node_modules/typescript/lib/lib.scripthost.d.ts","/home/refat/.emacs.d/.local/etc/lsp/npm/typescript/lib/node_modules/typescript/lib/lib.es2015.core.d.ts","/home/refat/.emacs.d/.local/etc/lsp/npm/typescript/lib/node_modules/typescript/lib/lib.es2015.collection.d.ts","/home/refat/.emacs.d/.local/etc/lsp/npm/typescript/lib/node_modules/typescript/lib/lib.es2015.generator.d.ts","/home/refat/.emacs.d/.local/etc/lsp/npm/typescript/lib/node_modules/typescript/lib/lib.es2015.iterable.d.ts","/home/refat/.emacs.d/.local/etc/lsp/npm/typescript/lib/node_modules/typescript/lib/lib.es2015.promise.d.ts","/home/refat/.emacs.d/.local/etc/lsp/npm/typescript/lib/node_modules/typescript/lib/lib.es2015.proxy.d.ts","/home/refat/.emacs.d/.local/etc/lsp/npm/typescript/lib/node_modules/typescript/lib/lib.es2015.reflect.d.ts","/home/refat/.emacs.d/.local/etc/lsp/npm/typescript/lib/node_modules/typescript/lib/lib.es2015.symbol.d.ts","/home/refat/.emacs.d/.local/etc/lsp/npm/typescript/lib/node_modules/typescript/lib/lib.es2015.symbol.wellknown.d.ts","/home/refat/.emacs.d/.local/etc/lsp/npm/typescript/lib/node_modules/typescript/lib/lib.es2016.array.include.d.ts","/home/refat/.emacs.d/.local/etc/lsp/npm/typescript/lib/node_modules/typescript/lib/lib.es2016.full.d.ts","/home/refat/Workspaces/Javascript/Basik2/script.js"],"compilerOptions":{"module":1,"target":3,"jsx":1,"allowJs":true,"allowSyntheticDefaultImports":true,"allowNonTsExtensions":true,"noEmitForJsFiles":true,"maxNodeModuleJsDepth":2},"typeAcquisition":{"enable":true,"include":[],"exclude":[]},"unresolvedImports":[],"projectRootPath":"/home/refat/Workspaces/Javascript/Basik2","kind":"discover"}
[01:33:15.285] Loaded safelist from types map file '/home/refat/.emacs.d/.local/etc/lsp/npm/typescript/lib/node_modules/typescript/lib/typesMap.json'
[01:33:15.285] Explicitly included types: []
[01:33:15.286] Inferred typings from unresolved imports: []
[01:33:15.286] Result: {"cachedTypingPaths":[],"newTypingNames":[],"filesToWatch":["/home/refat/Workspaces/Javascript/Basik2/bower_components","/home/refat/Workspaces/Javascript/Basik2/node_modules"]}
[01:33:15.286] Finished typings discovery: {"cachedTypingPaths":[],"newTypingNames":[],"filesToWatch":["/home/refat/Workspaces/Javascript/Basik2/bower_components","/home/refat/Workspaces/Javascript/Basik2/node_modules"]}
[01:33:15.287] DirectoryWatcher:: Added:: WatchInfo: /home/refat/Workspaces/Javascript/Basik2/bower_components
[01:33:15.287] DirectoryWatcher:: Added:: WatchInfo: /home/refat/Workspaces/Javascript/Basik2/bower_components 1 undefined Project: /dev/null/inferredProject1* watcher already invoked: false
[01:33:15.288] Elapsed:: 1.1415799999958836ms DirectoryWatcher:: Added:: WatchInfo: /home/refat/Workspaces/Javascript/Basik2/bower_components 1 undefined Project: /dev/null/inferredProject1* watcher already invoked: false
[01:33:15.288] DirectoryWatcher:: Added:: WatchInfo: /home/refat/Workspaces/Javascript/Basik2/node_modules
[01:33:15.288] DirectoryWatcher:: Added:: WatchInfo: /home/refat/Workspaces/Javascript/Basik2/node_modules 1 undefined Project: /dev/null/inferredProject1* watcher already invoked: false
[01:33:15.288] Elapsed:: 0.09337100002449006ms DirectoryWatcher:: Added:: WatchInfo: /home/refat/Workspaces/Javascript/Basik2/node_modules 1 undefined Project: /dev/null/inferredProject1* watcher already invoked: false
[01:33:15.289] Sending response:
    {"projectName":"/dev/null/inferredProject1*","typeAcquisition":{"enable":true,"include":[],"exclude":[]},"compilerOptions":{"module":1,"target":3,"jsx":1,"allowJs":true,"allowSyntheticDefaultImports":true,"allowNonTsExtensions":true,"noEmitForJsFiles":true,"maxNodeModuleJsDepth":2},"typings":[],"unresolvedImports":[],"kind":"action::set"}
[01:33:15.289] Response has been sent.
[01:33:15.289] No new typings were requested as a result of typings discovery
