[18:38:00.326] Global cache location '/home/refat/.cache/typescript/4.7', safe file path '/usr/lib/node_modules/typescript/lib/typingSafeList.json', types map path /usr/lib/node_modules/typescript/lib/typesMap.json
[18:38:00.327] Processing cache location '/home/refat/.cache/typescript/4.7'
[18:38:00.327] Trying to find '/home/refat/.cache/typescript/4.7/package.json'...
[18:38:00.329] Loaded content of '/home/refat/.cache/typescript/4.7/package.json': {"private":true,"dependencies":{"types-registry":"^0.1.609"},"devDependencies":{"@types/bluebird":"^3.5.36","@types/cookie-parser":"^1.4.3","@types/cors":"^2.8.12","@types/dot":"^1.1.5","@types/eslint":"^8.4.5","@types/eslint-config-prettier":"^6.11.0","@types/eslint-plugin-prettier":"^3.1.0","@types/express":"^4.17.13","@types/jsonwebtoken":"^8.5.8","@types/morgan":"^1.9.3","@types/node-fetch":"^2.6.2","@types/nodemon":"^1.19.1","@types/pg":"^8.6.5","@types/pg-pool":"^2.0.3","@types/prettier":"^2.6.3","@types/supertest":"^2.0.12","@types/uuid":"^8.3.4","@types/yup":"^0.29.14"}}
[18:38:00.329] Loaded content of '/home/refat/.cache/typescript/4.7/package-lock.json'
[18:38:00.342] Adding entry into typings cache: 'bluebird' => '/home/refat/.cache/typescript/4.7/node_modules/@types/bluebird/index.d.ts'
[18:38:00.345] Adding entry into typings cache: 'cookie-parser' => '/home/refat/.cache/typescript/4.7/node_modules/@types/cookie-parser/index.d.ts'
[18:38:00.346] Adding entry into typings cache: 'cors' => '/home/refat/.cache/typescript/4.7/node_modules/@types/cors/index.d.ts'
[18:38:00.348] Adding entry into typings cache: 'dot' => '/home/refat/.cache/typescript/4.7/node_modules/@types/dot/index.d.ts'
[18:38:00.350] Adding entry into typings cache: 'eslint' => '/home/refat/.cache/typescript/4.7/node_modules/@types/eslint/index.d.ts'
[18:38:00.352] Adding entry into typings cache: 'eslint-config-prettier' => '/home/refat/.cache/typescript/4.7/node_modules/@types/eslint-config-prettier/index.d.ts'
[18:38:00.354] Adding entry into typings cache: 'eslint-plugin-prettier' => '/home/refat/.cache/typescript/4.7/node_modules/@types/eslint-plugin-prettier/index.d.ts'
[18:38:00.356] Adding entry into typings cache: 'express' => '/home/refat/.cache/typescript/4.7/node_modules/@types/express/index.d.ts'
[18:38:00.360] Adding entry into typings cache: 'jsonwebtoken' => '/home/refat/.cache/typescript/4.7/node_modules/@types/jsonwebtoken/index.d.ts'
[18:38:00.361] Adding entry into typings cache: 'morgan' => '/home/refat/.cache/typescript/4.7/node_modules/@types/morgan/index.d.ts'
[18:38:00.365] Adding entry into typings cache: 'node-fetch' => '/home/refat/.cache/typescript/4.7/node_modules/@types/node-fetch/index.d.ts'
[18:38:00.368] Adding entry into typings cache: 'nodemon' => '/home/refat/.cache/typescript/4.7/node_modules/@types/nodemon/index.d.ts'
[18:38:00.370] Adding entry into typings cache: 'pg' => '/home/refat/.cache/typescript/4.7/node_modules/@types/pg/index.d.ts'
[18:38:00.371] Adding entry into typings cache: 'pg-pool' => '/home/refat/.cache/typescript/4.7/node_modules/@types/pg-pool/index.d.ts'
[18:38:00.373] Adding entry into typings cache: 'prettier' => '/home/refat/.cache/typescript/4.7/node_modules/@types/prettier/index.d.ts'
[18:38:00.374] Adding entry into typings cache: 'supertest' => '/home/refat/.cache/typescript/4.7/node_modules/@types/supertest/index.d.ts'
[18:38:00.375] Adding entry into typings cache: 'uuid' => '/home/refat/.cache/typescript/4.7/node_modules/@types/uuid/index.d.ts'
[18:38:00.377] Adding entry into typings cache: 'yup' => '/home/refat/.cache/typescript/4.7/node_modules/@types/yup/index.d.ts'
[18:38:00.377] Finished processing cache location '/home/refat/.cache/typescript/4.7'
[18:38:00.377] Process id: 4524
[18:38:00.377] NPM location: /usr/bin/npm (explicit '--npmLocation' not  provided)
[18:38:00.377] validateDefaultNpmLocation: false
[18:38:00.378] Npm config file: /home/refat/.cache/typescript/4.7/package.json
[18:38:00.378] Updating types-registry npm package...
[18:38:00.378] Exec: /usr/bin/npm install --ignore-scripts types-registry@latest
[18:38:01.602]     Succeeded. stdout:
    
    up to date, audited 46 packages in 783ms

found 0 vulnerabilities

[18:38:01.602] Updated types-registry npm package
[18:38:01.632] Got install request {"projectName":"/dev/null/inferredProject1*","fileNames":["/usr/lib/node_modules/typescript/lib/lib.es5.d.ts","/usr/lib/node_modules/typescript/lib/lib.es2015.d.ts","/usr/lib/node_modules/typescript/lib/lib.es2016.d.ts","/usr/lib/node_modules/typescript/lib/lib.dom.d.ts","/usr/lib/node_modules/typescript/lib/lib.dom.iterable.d.ts","/usr/lib/node_modules/typescript/lib/lib.webworker.importscripts.d.ts","/usr/lib/node_modules/typescript/lib/lib.scripthost.d.ts","/usr/lib/node_modules/typescript/lib/lib.es2015.core.d.ts","/usr/lib/node_modules/typescript/lib/lib.es2015.collection.d.ts","/usr/lib/node_modules/typescript/lib/lib.es2015.generator.d.ts","/usr/lib/node_modules/typescript/lib/lib.es2015.iterable.d.ts","/usr/lib/node_modules/typescript/lib/lib.es2015.promise.d.ts","/usr/lib/node_modules/typescript/lib/lib.es2015.proxy.d.ts","/usr/lib/node_modules/typescript/lib/lib.es2015.reflect.d.ts","/usr/lib/node_modules/typescript/lib/lib.es2015.symbol.d.ts","/usr/lib/node_modules/typescript/lib/lib.es2015.symbol.wellknown.d.ts","/usr/lib/node_modules/typescript/lib/lib.es2016.array.include.d.ts","/usr/lib/node_modules/typescript/lib/lib.es2016.full.d.ts","/home/refat/Workspaces/javascript/function.js"],"compilerOptions":{"module":1,"target":3,"jsx":1,"allowJs":true,"allowSyntheticDefaultImports":true,"allowNonTsExtensions":true,"noEmitForJsFiles":true,"maxNodeModuleJsDepth":2},"typeAcquisition":{"enable":true,"include":[],"exclude":[]},"unresolvedImports":[],"projectRootPath":"/home/refat/Workspaces/javascript","kind":"discover"}
[18:38:01.644] Loaded safelist from types map file '/usr/lib/node_modules/typescript/lib/typesMap.json'
[18:38:01.644] Explicitly included types: []
[18:38:01.645] Inferred typings from unresolved imports: []
[18:38:01.645] Result: {"cachedTypingPaths":[],"newTypingNames":[],"filesToWatch":["/home/refat/Workspaces/javascript/bower_components","/home/refat/Workspaces/javascript/node_modules"]}
[18:38:01.645] Finished typings discovery: {"cachedTypingPaths":[],"newTypingNames":[],"filesToWatch":["/home/refat/Workspaces/javascript/bower_components","/home/refat/Workspaces/javascript/node_modules"]}
[18:38:01.645] DirectoryWatcher:: Added:: WatchInfo: /home/refat/Workspaces/javascript/bower_components
[18:38:01.646] DirectoryWatcher:: Added:: WatchInfo: /home/refat/Workspaces/javascript/bower_components 1 undefined Project: /dev/null/inferredProject1* watcher already invoked: false
[18:38:01.647] Elapsed:: 1.7852699999930337ms DirectoryWatcher:: Added:: WatchInfo: /home/refat/Workspaces/javascript/bower_components 1 undefined Project: /dev/null/inferredProject1* watcher already invoked: false
[18:38:01.648] DirectoryWatcher:: Added:: WatchInfo: /home/refat/Workspaces/javascript/node_modules
[18:38:01.648] DirectoryWatcher:: Added:: WatchInfo: /home/refat/Workspaces/javascript/node_modules 1 undefined Project: /dev/null/inferredProject1* watcher already invoked: false
[18:38:01.648] Elapsed:: 0.10187400001450442ms DirectoryWatcher:: Added:: WatchInfo: /home/refat/Workspaces/javascript/node_modules 1 undefined Project: /dev/null/inferredProject1* watcher already invoked: false
[18:38:01.648] Sending response:
    {"projectName":"/dev/null/inferredProject1*","typeAcquisition":{"enable":true,"include":[],"exclude":[]},"compilerOptions":{"module":1,"target":3,"jsx":1,"allowJs":true,"allowSyntheticDefaultImports":true,"allowNonTsExtensions":true,"noEmitForJsFiles":true,"maxNodeModuleJsDepth":2},"typings":[],"unresolvedImports":[],"kind":"action::set"}
[18:38:01.648] Response has been sent.
[18:38:01.648] No new typings were requested as a result of typings discovery
