[17:26:21.520] Global cache location '/home/refat/.cache/typescript/4.5', safe file path '/home/refat/.emacs.d/.local/etc/lsp/npm/typescript/lib/node_modules/typescript/lib/typingSafeList.json', types map path /home/refat/.emacs.d/.local/etc/lsp/npm/typescript/lib/node_modules/typescript/lib/typesMap.json
[17:26:21.521] Processing cache location '/home/refat/.cache/typescript/4.5'
[17:26:21.521] Trying to find '/home/refat/.cache/typescript/4.5/package.json'...
[17:26:21.522] Loaded content of '/home/refat/.cache/typescript/4.5/package.json': {"private":true,"dependencies":{"types-registry":"^0.1.572"}}
[17:26:21.522] Loaded content of '/home/refat/.cache/typescript/4.5/package-lock.json'
[17:26:21.522] Finished processing cache location '/home/refat/.cache/typescript/4.5'
[17:26:21.522] Process id: 5402
[17:26:21.522] NPM location: /usr/bin/npm (explicit '--npmLocation' not  provided)
[17:26:21.523] validateDefaultNpmLocation: false
[17:26:21.523] Npm config file: /home/refat/.cache/typescript/4.5/package.json
[17:26:21.523] Updating types-registry npm package...
[17:26:21.523] Exec: /usr/bin/npm install --ignore-scripts types-registry@latest
[17:26:23.903]     Succeeded. stdout:
    
    up to date, audited 2 packages in 2s

found 0 vulnerabilities

[17:26:23.904] Updated types-registry npm package
[17:26:23.929] Got install request {"projectName":"/dev/null/inferredProject1*","fileNames":["/home/refat/.emacs.d/.local/etc/lsp/npm/typescript/lib/node_modules/typescript/lib/lib.es5.d.ts","/home/refat/.emacs.d/.local/etc/lsp/npm/typescript/lib/node_modules/typescript/lib/lib.es2015.d.ts","/home/refat/.emacs.d/.local/etc/lsp/npm/typescript/lib/node_modules/typescript/lib/lib.es2016.d.ts","/home/refat/.emacs.d/.local/etc/lsp/npm/typescript/lib/node_modules/typescript/lib/lib.dom.d.ts","/home/refat/.emacs.d/.local/etc/lsp/npm/typescript/lib/node_modules/typescript/lib/lib.dom.iterable.d.ts","/home/refat/.emacs.d/.local/etc/lsp/npm/typescript/lib/node_modules/typescript/lib/lib.webworker.importscripts.d.ts","/home/refat/.emacs.d/.local/etc/lsp/npm/typescript/lib/node_modules/typescript/lib/lib.scripthost.d.ts","/home/refat/.emacs.d/.local/etc/lsp/npm/typescript/lib/node_modules/typescript/lib/lib.es2015.core.d.ts","/home/refat/.emacs.d/.local/etc/lsp/npm/typescript/lib/node_modules/typescript/lib/lib.es2015.collection.d.ts","/home/refat/.emacs.d/.local/etc/lsp/npm/typescript/lib/node_modules/typescript/lib/lib.es2015.generator.d.ts","/home/refat/.emacs.d/.local/etc/lsp/npm/typescript/lib/node_modules/typescript/lib/lib.es2015.iterable.d.ts","/home/refat/.emacs.d/.local/etc/lsp/npm/typescript/lib/node_modules/typescript/lib/lib.es2015.promise.d.ts","/home/refat/.emacs.d/.local/etc/lsp/npm/typescript/lib/node_modules/typescript/lib/lib.es2015.proxy.d.ts","/home/refat/.emacs.d/.local/etc/lsp/npm/typescript/lib/node_modules/typescript/lib/lib.es2015.reflect.d.ts","/home/refat/.emacs.d/.local/etc/lsp/npm/typescript/lib/node_modules/typescript/lib/lib.es2015.symbol.d.ts","/home/refat/.emacs.d/.local/etc/lsp/npm/typescript/lib/node_modules/typescript/lib/lib.es2015.symbol.wellknown.d.ts","/home/refat/.emacs.d/.local/etc/lsp/npm/typescript/lib/node_modules/typescript/lib/lib.es2016.array.include.d.ts","/home/refat/.emacs.d/.local/etc/lsp/npm/typescript/lib/node_modules/typescript/lib/lib.es2016.full.d.ts","/home/refat/Workspaces/Javascript/script.js"],"compilerOptions":{"module":1,"target":3,"jsx":1,"allowJs":true,"allowSyntheticDefaultImports":true,"allowNonTsExtensions":true,"noEmitForJsFiles":true,"maxNodeModuleJsDepth":2},"typeAcquisition":{"enable":true,"include":[],"exclude":[]},"unresolvedImports":[],"projectRootPath":"/home/refat/Workspaces/Javascript","kind":"discover"}
[17:26:23.946] Loaded safelist from types map file '/home/refat/.emacs.d/.local/etc/lsp/npm/typescript/lib/node_modules/typescript/lib/typesMap.json'
[17:26:23.946] Explicitly included types: []
[17:26:23.947] Inferred typings from unresolved imports: []
[17:26:23.947] Result: {"cachedTypingPaths":[],"newTypingNames":[],"filesToWatch":["/home/refat/Workspaces/Javascript/bower_components","/home/refat/Workspaces/Javascript/node_modules"]}
[17:26:23.947] Finished typings discovery: {"cachedTypingPaths":[],"newTypingNames":[],"filesToWatch":["/home/refat/Workspaces/Javascript/bower_components","/home/refat/Workspaces/Javascript/node_modules"]}
[17:26:23.947] DirectoryWatcher:: Added:: WatchInfo: /home/refat/Workspaces/Javascript/bower_components
[17:26:23.948] DirectoryWatcher:: Added:: WatchInfo: /home/refat/Workspaces/Javascript/bower_components 1 undefined Project: /dev/null/inferredProject1* watcher already invoked: false
[17:26:23.949] Elapsed:: 1.2592939999885857ms DirectoryWatcher:: Added:: WatchInfo: /home/refat/Workspaces/Javascript/bower_components 1 undefined Project: /dev/null/inferredProject1* watcher already invoked: false
[17:26:23.949] DirectoryWatcher:: Added:: WatchInfo: /home/refat/Workspaces/Javascript/node_modules
[17:26:23.949] DirectoryWatcher:: Added:: WatchInfo: /home/refat/Workspaces/Javascript/node_modules 1 undefined Project: /dev/null/inferredProject1* watcher already invoked: false
[17:26:23.949] Elapsed:: 0.09339799999725074ms DirectoryWatcher:: Added:: WatchInfo: /home/refat/Workspaces/Javascript/node_modules 1 undefined Project: /dev/null/inferredProject1* watcher already invoked: false
[17:26:23.949] Sending response:
    {"projectName":"/dev/null/inferredProject1*","typeAcquisition":{"enable":true,"include":[],"exclude":[]},"compilerOptions":{"module":1,"target":3,"jsx":1,"allowJs":true,"allowSyntheticDefaultImports":true,"allowNonTsExtensions":true,"noEmitForJsFiles":true,"maxNodeModuleJsDepth":2},"typings":[],"unresolvedImports":[],"kind":"action::set"}
[17:26:23.950] Response has been sent.
[17:26:23.950] No new typings were requested as a result of typings discovery
