[23:46:02.167] Global cache location '/home/refat/.cache/typescript/4.7', safe file path '/usr/lib/node_modules/typescript/lib/typingSafeList.json', types map path /usr/lib/node_modules/typescript/lib/typesMap.json
[23:46:02.168] Processing cache location '/home/refat/.cache/typescript/4.7'
[23:46:02.168] Trying to find '/home/refat/.cache/typescript/4.7/package.json'...
[23:46:02.170] Loaded content of '/home/refat/.cache/typescript/4.7/package.json': {"private":true,"dependencies":{"types-registry":"^0.1.610"},"devDependencies":{"@types/bluebird":"^3.5.36","@types/cookie-parser":"^1.4.3","@types/cors":"^2.8.12","@types/dot":"^1.1.5","@types/eslint":"^8.4.5","@types/eslint-config-prettier":"^6.11.0","@types/eslint-plugin-prettier":"^3.1.0","@types/express":"^4.17.13","@types/jsonwebtoken":"^8.5.8","@types/morgan":"^1.9.3","@types/node-fetch":"^2.6.2","@types/nodemon":"^1.19.1","@types/pg":"^8.6.5","@types/pg-pool":"^2.0.3","@types/prettier":"^2.6.3","@types/react":"^18.0.20","@types/supertest":"^2.0.12","@types/uuid":"^8.3.4","@types/yup":"^0.29.14"}}
[23:46:02.170] Loaded content of '/home/refat/.cache/typescript/4.7/package-lock.json'
[23:46:02.182] Adding entry into typings cache: 'bluebird' => '/home/refat/.cache/typescript/4.7/node_modules/@types/bluebird/index.d.ts'
[23:46:02.185] Adding entry into typings cache: 'cookie-parser' => '/home/refat/.cache/typescript/4.7/node_modules/@types/cookie-parser/index.d.ts'
[23:46:02.186] Adding entry into typings cache: 'cors' => '/home/refat/.cache/typescript/4.7/node_modules/@types/cors/index.d.ts'
[23:46:02.188] Adding entry into typings cache: 'dot' => '/home/refat/.cache/typescript/4.7/node_modules/@types/dot/index.d.ts'
[23:46:02.189] Adding entry into typings cache: 'eslint' => '/home/refat/.cache/typescript/4.7/node_modules/@types/eslint/index.d.ts'
[23:46:02.191] Adding entry into typings cache: 'eslint-config-prettier' => '/home/refat/.cache/typescript/4.7/node_modules/@types/eslint-config-prettier/index.d.ts'
[23:46:02.192] Adding entry into typings cache: 'eslint-plugin-prettier' => '/home/refat/.cache/typescript/4.7/node_modules/@types/eslint-plugin-prettier/index.d.ts'
[23:46:02.194] Adding entry into typings cache: 'express' => '/home/refat/.cache/typescript/4.7/node_modules/@types/express/index.d.ts'
[23:46:02.197] Adding entry into typings cache: 'jsonwebtoken' => '/home/refat/.cache/typescript/4.7/node_modules/@types/jsonwebtoken/index.d.ts'
[23:46:02.198] Adding entry into typings cache: 'morgan' => '/home/refat/.cache/typescript/4.7/node_modules/@types/morgan/index.d.ts'
[23:46:02.201] Adding entry into typings cache: 'node-fetch' => '/home/refat/.cache/typescript/4.7/node_modules/@types/node-fetch/index.d.ts'
[23:46:02.204] Adding entry into typings cache: 'nodemon' => '/home/refat/.cache/typescript/4.7/node_modules/@types/nodemon/index.d.ts'
[23:46:02.205] Adding entry into typings cache: 'pg' => '/home/refat/.cache/typescript/4.7/node_modules/@types/pg/index.d.ts'
[23:46:02.207] Adding entry into typings cache: 'pg-pool' => '/home/refat/.cache/typescript/4.7/node_modules/@types/pg-pool/index.d.ts'
[23:46:02.208] Adding entry into typings cache: 'prettier' => '/home/refat/.cache/typescript/4.7/node_modules/@types/prettier/index.d.ts'
[23:46:02.211] Adding entry into typings cache: 'react' => '/home/refat/.cache/typescript/4.7/node_modules/@types/react/index.d.ts'
[23:46:02.212] Adding entry into typings cache: 'supertest' => '/home/refat/.cache/typescript/4.7/node_modules/@types/supertest/index.d.ts'
[23:46:02.214] Adding entry into typings cache: 'uuid' => '/home/refat/.cache/typescript/4.7/node_modules/@types/uuid/index.d.ts'
[23:46:02.215] Adding entry into typings cache: 'yup' => '/home/refat/.cache/typescript/4.7/node_modules/@types/yup/index.d.ts'
[23:46:02.216] Finished processing cache location '/home/refat/.cache/typescript/4.7'
[23:46:02.216] Process id: 61104
[23:46:02.216] NPM location: "/home/refat/.fnm/node-versions/v16.13.2/installation/bin/npm" (explicit '--npmLocation' not  provided)
[23:46:02.216] validateDefaultNpmLocation: true
[23:46:02.216] Npm config file: /home/refat/.cache/typescript/4.7/package.json
[23:46:02.216] Updating types-registry npm package...
[23:46:02.216] Exec: "/home/refat/.fnm/node-versions/v16.13.2/installation/bin/npm" install --ignore-scripts types-registry@latest
[23:46:03.039]     Succeeded. stdout:
    
    up to date, audited 50 packages in 690ms

found 0 vulnerabilities

[23:46:03.039] Updated types-registry npm package
[23:46:03.066] Got install request {"projectName":"/dev/null/inferredProject1*","fileNames":["/usr/lib/node_modules/typescript/lib/lib.es5.d.ts","/usr/lib/node_modules/typescript/lib/lib.es2015.d.ts","/usr/lib/node_modules/typescript/lib/lib.es2016.d.ts","/usr/lib/node_modules/typescript/lib/lib.dom.d.ts","/usr/lib/node_modules/typescript/lib/lib.dom.iterable.d.ts","/usr/lib/node_modules/typescript/lib/lib.webworker.importscripts.d.ts","/usr/lib/node_modules/typescript/lib/lib.scripthost.d.ts","/usr/lib/node_modules/typescript/lib/lib.es2015.core.d.ts","/usr/lib/node_modules/typescript/lib/lib.es2015.collection.d.ts","/usr/lib/node_modules/typescript/lib/lib.es2015.generator.d.ts","/usr/lib/node_modules/typescript/lib/lib.es2015.iterable.d.ts","/usr/lib/node_modules/typescript/lib/lib.es2015.promise.d.ts","/usr/lib/node_modules/typescript/lib/lib.es2015.proxy.d.ts","/usr/lib/node_modules/typescript/lib/lib.es2015.reflect.d.ts","/usr/lib/node_modules/typescript/lib/lib.es2015.symbol.d.ts","/usr/lib/node_modules/typescript/lib/lib.es2015.symbol.wellknown.d.ts","/usr/lib/node_modules/typescript/lib/lib.es2016.array.include.d.ts","/usr/lib/node_modules/typescript/lib/lib.es2016.full.d.ts","/home/refat/Workspaces/javascript/react-tutorial/pages/new-meetup/index.js"],"compilerOptions":{"module":1,"target":3,"jsx":1,"allowJs":true,"allowSyntheticDefaultImports":true,"allowNonTsExtensions":true,"noEmitForJsFiles":true,"maxNodeModuleJsDepth":2},"typeAcquisition":{"enable":true,"include":[],"exclude":[]},"unresolvedImports":[],"projectRootPath":"/home/refat/Workspaces","kind":"discover"}
[23:46:03.077] Loaded safelist from types map file '/usr/lib/node_modules/typescript/lib/typesMap.json'
[23:46:03.078] Explicitly included types: []
[23:46:03.078] Inferred typings from unresolved imports: []
[23:46:03.078] Result: {"cachedTypingPaths":[],"newTypingNames":[],"filesToWatch":["/home/refat/Workspaces/javascript/react-tutorial/pages/new-meetup/bower_components","/home/refat/Workspaces/javascript/react-tutorial/pages/new-meetup/node_modules","/home/refat/Workspaces/bower_components","/home/refat/Workspaces/node_modules"]}
[23:46:03.078] Finished typings discovery: {"cachedTypingPaths":[],"newTypingNames":[],"filesToWatch":["/home/refat/Workspaces/javascript/react-tutorial/pages/new-meetup/bower_components","/home/refat/Workspaces/javascript/react-tutorial/pages/new-meetup/node_modules","/home/refat/Workspaces/bower_components","/home/refat/Workspaces/node_modules"]}
[23:46:03.079] DirectoryWatcher:: Added:: WatchInfo: /home/refat/Workspaces/javascript
[23:46:03.079] DirectoryWatcher:: Added:: WatchInfo: /home/refat/Workspaces/javascript 1 undefined Project: /dev/null/inferredProject1* watcher already invoked: false
[23:46:03.157] Elapsed:: 78.46128799952567ms DirectoryWatcher:: Added:: WatchInfo: /home/refat/Workspaces/javascript 1 undefined Project: /dev/null/inferredProject1* watcher already invoked: false
[23:46:03.158] DirectoryWatcher:: Added:: WatchInfo: /home/refat/Workspaces/bower_components
[23:46:03.158] DirectoryWatcher:: Added:: WatchInfo: /home/refat/Workspaces/bower_components 1 undefined Project: /dev/null/inferredProject1* watcher already invoked: false
[23:46:03.159] Elapsed:: 0.9535200009122491ms DirectoryWatcher:: Added:: WatchInfo: /home/refat/Workspaces/bower_components 1 undefined Project: /dev/null/inferredProject1* watcher already invoked: false
[23:46:03.159] DirectoryWatcher:: Added:: WatchInfo: /home/refat/Workspaces/node_modules
[23:46:03.159] DirectoryWatcher:: Added:: WatchInfo: /home/refat/Workspaces/node_modules 1 undefined Project: /dev/null/inferredProject1* watcher already invoked: false
[23:46:03.159] Elapsed:: 0.08417100086808205ms DirectoryWatcher:: Added:: WatchInfo: /home/refat/Workspaces/node_modules 1 undefined Project: /dev/null/inferredProject1* watcher already invoked: false
[23:46:03.159] Sending response:
    {"projectName":"/dev/null/inferredProject1*","typeAcquisition":{"enable":true,"include":[],"exclude":[]},"compilerOptions":{"module":1,"target":3,"jsx":1,"allowJs":true,"allowSyntheticDefaultImports":true,"allowNonTsExtensions":true,"noEmitForJsFiles":true,"maxNodeModuleJsDepth":2},"typings":[],"unresolvedImports":[],"kind":"action::set"}
[23:46:03.159] Response has been sent.
[23:46:03.159] No new typings were requested as a result of typings discovery
