[01:12:46.511] Global cache location '/home/refat/.cache/typescript/4.3', safe file path '/home/refat/.emacs.d/.local/etc/lsp/npm/typescript/lib/node_modules/typescript/lib/typingSafeList.json', types map path /home/refat/.emacs.d/.local/etc/lsp/npm/typescript/lib/node_modules/typescript/lib/typesMap.json
[01:12:46.512] Processing cache location '/home/refat/.cache/typescript/4.3'
[01:12:46.512] Trying to find '/home/refat/.cache/typescript/4.3/package.json'...
[01:12:46.513] Loaded content of '/home/refat/.cache/typescript/4.3/package.json': {"private":true,"dependencies":{"types-registry":"^0.1.556"}}
[01:12:46.513] Loaded content of '/home/refat/.cache/typescript/4.3/package-lock.json'
[01:12:46.513] Finished processing cache location '/home/refat/.cache/typescript/4.3'
[01:12:46.513] Process id: 6044
[01:12:46.513] NPM location: /usr/bin/npm (explicit '--npmLocation' not  provided)
[01:12:46.513] validateDefaultNpmLocation: false
[01:12:46.514] Npm config file: /home/refat/.cache/typescript/4.3/package.json
[01:12:46.514] Updating types-registry npm package...
[01:12:46.514] Exec: /usr/bin/npm install --ignore-scripts types-registry@latest
[01:12:48.311]     Succeeded. stdout:
    
    up to date, audited 2 packages in 2s

found 0 vulnerabilities

[01:12:48.311] Updated types-registry npm package
[01:12:48.335] Got install request {"projectName":"/dev/null/inferredProject1*","fileNames":["/home/refat/.emacs.d/.local/etc/lsp/npm/typescript/lib/node_modules/typescript/lib/lib.es5.d.ts","/home/refat/.emacs.d/.local/etc/lsp/npm/typescript/lib/node_modules/typescript/lib/lib.es2015.d.ts","/home/refat/.emacs.d/.local/etc/lsp/npm/typescript/lib/node_modules/typescript/lib/lib.es2016.d.ts","/home/refat/.emacs.d/.local/etc/lsp/npm/typescript/lib/node_modules/typescript/lib/lib.dom.d.ts","/home/refat/.emacs.d/.local/etc/lsp/npm/typescript/lib/node_modules/typescript/lib/lib.dom.iterable.d.ts","/home/refat/.emacs.d/.local/etc/lsp/npm/typescript/lib/node_modules/typescript/lib/lib.webworker.importscripts.d.ts","/home/refat/.emacs.d/.local/etc/lsp/npm/typescript/lib/node_modules/typescript/lib/lib.scripthost.d.ts","/home/refat/.emacs.d/.local/etc/lsp/npm/typescript/lib/node_modules/typescript/lib/lib.es2015.core.d.ts","/home/refat/.emacs.d/.local/etc/lsp/npm/typescript/lib/node_modules/typescript/lib/lib.es2015.collection.d.ts","/home/refat/.emacs.d/.local/etc/lsp/npm/typescript/lib/node_modules/typescript/lib/lib.es2015.generator.d.ts","/home/refat/.emacs.d/.local/etc/lsp/npm/typescript/lib/node_modules/typescript/lib/lib.es2015.iterable.d.ts","/home/refat/.emacs.d/.local/etc/lsp/npm/typescript/lib/node_modules/typescript/lib/lib.es2015.promise.d.ts","/home/refat/.emacs.d/.local/etc/lsp/npm/typescript/lib/node_modules/typescript/lib/lib.es2015.proxy.d.ts","/home/refat/.emacs.d/.local/etc/lsp/npm/typescript/lib/node_modules/typescript/lib/lib.es2015.reflect.d.ts","/home/refat/.emacs.d/.local/etc/lsp/npm/typescript/lib/node_modules/typescript/lib/lib.es2015.symbol.d.ts","/home/refat/.emacs.d/.local/etc/lsp/npm/typescript/lib/node_modules/typescript/lib/lib.es2015.symbol.wellknown.d.ts","/home/refat/.emacs.d/.local/etc/lsp/npm/typescript/lib/node_modules/typescript/lib/lib.es2016.array.include.d.ts","/home/refat/.emacs.d/.local/etc/lsp/npm/typescript/lib/node_modules/typescript/lib/lib.es2016.full.d.ts","/home/refat/Workspaces/Javascript/07-Pig-Game/starter/script.js"],"compilerOptions":{"module":1,"target":3,"jsx":1,"allowJs":true,"allowSyntheticDefaultImports":true,"allowNonTsExtensions":true,"noEmitForJsFiles":true,"maxNodeModuleJsDepth":2},"typeAcquisition":{"enable":true,"include":[],"exclude":[]},"unresolvedImports":[],"projectRootPath":"/home/refat/Workspaces/Javascript/07-Pig-Game/starter","kind":"discover"}
[01:12:48.361] Loaded safelist from types map file '/home/refat/.emacs.d/.local/etc/lsp/npm/typescript/lib/node_modules/typescript/lib/typesMap.json'
[01:12:48.362] Explicitly included types: []
[01:12:48.362] Inferred typings from unresolved imports: []
[01:12:48.362] Result: {"cachedTypingPaths":[],"newTypingNames":[],"filesToWatch":["/home/refat/Workspaces/Javascript/07-Pig-Game/starter/bower_components","/home/refat/Workspaces/Javascript/07-Pig-Game/starter/node_modules"]}
[01:12:48.362] Finished typings discovery: {"cachedTypingPaths":[],"newTypingNames":[],"filesToWatch":["/home/refat/Workspaces/Javascript/07-Pig-Game/starter/bower_components","/home/refat/Workspaces/Javascript/07-Pig-Game/starter/node_modules"]}
[01:12:48.363] DirectoryWatcher:: Added:: WatchInfo: /home/refat/Workspaces/Javascript/07-Pig-Game/starter/bower_components
[01:12:48.363] DirectoryWatcher:: Added:: WatchInfo: /home/refat/Workspaces/Javascript/07-Pig-Game/starter/bower_components 1 undefined Project: /dev/null/inferredProject1* watcher already invoked: false
[01:12:48.364] Elapsed:: 1.1638240000465885ms DirectoryWatcher:: Added:: WatchInfo: /home/refat/Workspaces/Javascript/07-Pig-Game/starter/bower_components 1 undefined Project: /dev/null/inferredProject1* watcher already invoked: false
[01:12:48.364] DirectoryWatcher:: Added:: WatchInfo: /home/refat/Workspaces/Javascript/07-Pig-Game/starter/node_modules
[01:12:48.364] DirectoryWatcher:: Added:: WatchInfo: /home/refat/Workspaces/Javascript/07-Pig-Game/starter/node_modules 1 undefined Project: /dev/null/inferredProject1* watcher already invoked: false
[01:12:48.364] Elapsed:: 0.09748400002717972ms DirectoryWatcher:: Added:: WatchInfo: /home/refat/Workspaces/Javascript/07-Pig-Game/starter/node_modules 1 undefined Project: /dev/null/inferredProject1* watcher already invoked: false
[01:12:48.365] Sending response:
    {"projectName":"/dev/null/inferredProject1*","typeAcquisition":{"enable":true,"include":[],"exclude":[]},"compilerOptions":{"module":1,"target":3,"jsx":1,"allowJs":true,"allowSyntheticDefaultImports":true,"allowNonTsExtensions":true,"noEmitForJsFiles":true,"maxNodeModuleJsDepth":2},"typings":[],"unresolvedImports":[],"kind":"action::set"}
[01:12:48.365] Response has been sent.
[01:12:48.365] No new typings were requested as a result of typings discovery
