[14:54:19.565] Global cache location '/home/refat/.cache/typescript/4.3', safe file path '/home/refat/.emacs.d/.local/etc/lsp/npm/typescript/lib/node_modules/typescript/lib/typingSafeList.json', types map path /home/refat/.emacs.d/.local/etc/lsp/npm/typescript/lib/node_modules/typescript/lib/typesMap.json
[14:54:19.565] Processing cache location '/home/refat/.cache/typescript/4.3'
[14:54:19.565] Trying to find '/home/refat/.cache/typescript/4.3/package.json'...
[14:54:19.566] Loaded content of '/home/refat/.cache/typescript/4.3/package.json': {"private":true,"dependencies":{"types-registry":"^0.1.559"}}
[14:54:19.566] Loaded content of '/home/refat/.cache/typescript/4.3/package-lock.json'
[14:54:19.566] Finished processing cache location '/home/refat/.cache/typescript/4.3'
[14:54:19.567] Process id: 6277
[14:54:19.567] NPM location: /usr/bin/npm (explicit '--npmLocation' not  provided)
[14:54:19.567] validateDefaultNpmLocation: false
[14:54:19.567] Npm config file: /home/refat/.cache/typescript/4.3/package.json
[14:54:19.567] Updating types-registry npm package...
[14:54:19.567] Exec: /usr/bin/npm install --ignore-scripts types-registry@latest
[14:54:21.710]     Succeeded. stdout:
    
    up to date, audited 2 packages in 2s

found 0 vulnerabilities

[14:54:21.710] Updated types-registry npm package
[14:54:21.737] Got install request {"projectName":"/dev/null/inferredProject1*","fileNames":["/home/refat/.emacs.d/.local/etc/lsp/npm/typescript/lib/node_modules/typescript/lib/lib.es5.d.ts","/home/refat/.emacs.d/.local/etc/lsp/npm/typescript/lib/node_modules/typescript/lib/lib.es2015.d.ts","/home/refat/.emacs.d/.local/etc/lsp/npm/typescript/lib/node_modules/typescript/lib/lib.es2016.d.ts","/home/refat/.emacs.d/.local/etc/lsp/npm/typescript/lib/node_modules/typescript/lib/lib.dom.d.ts","/home/refat/.emacs.d/.local/etc/lsp/npm/typescript/lib/node_modules/typescript/lib/lib.dom.iterable.d.ts","/home/refat/.emacs.d/.local/etc/lsp/npm/typescript/lib/node_modules/typescript/lib/lib.webworker.importscripts.d.ts","/home/refat/.emacs.d/.local/etc/lsp/npm/typescript/lib/node_modules/typescript/lib/lib.scripthost.d.ts","/home/refat/.emacs.d/.local/etc/lsp/npm/typescript/lib/node_modules/typescript/lib/lib.es2015.core.d.ts","/home/refat/.emacs.d/.local/etc/lsp/npm/typescript/lib/node_modules/typescript/lib/lib.es2015.collection.d.ts","/home/refat/.emacs.d/.local/etc/lsp/npm/typescript/lib/node_modules/typescript/lib/lib.es2015.generator.d.ts","/home/refat/.emacs.d/.local/etc/lsp/npm/typescript/lib/node_modules/typescript/lib/lib.es2015.iterable.d.ts","/home/refat/.emacs.d/.local/etc/lsp/npm/typescript/lib/node_modules/typescript/lib/lib.es2015.promise.d.ts","/home/refat/.emacs.d/.local/etc/lsp/npm/typescript/lib/node_modules/typescript/lib/lib.es2015.proxy.d.ts","/home/refat/.emacs.d/.local/etc/lsp/npm/typescript/lib/node_modules/typescript/lib/lib.es2015.reflect.d.ts","/home/refat/.emacs.d/.local/etc/lsp/npm/typescript/lib/node_modules/typescript/lib/lib.es2015.symbol.d.ts","/home/refat/.emacs.d/.local/etc/lsp/npm/typescript/lib/node_modules/typescript/lib/lib.es2015.symbol.wellknown.d.ts","/home/refat/.emacs.d/.local/etc/lsp/npm/typescript/lib/node_modules/typescript/lib/lib.es2016.array.include.d.ts","/home/refat/.emacs.d/.local/etc/lsp/npm/typescript/lib/node_modules/typescript/lib/lib.es2016.full.d.ts","/home/refat/Workspaces/Javascript/07-Pig-Game/starter/script.js"],"compilerOptions":{"module":1,"target":3,"jsx":1,"allowJs":true,"allowSyntheticDefaultImports":true,"allowNonTsExtensions":true,"noEmitForJsFiles":true,"maxNodeModuleJsDepth":2},"typeAcquisition":{"enable":true,"include":[],"exclude":[]},"unresolvedImports":[],"projectRootPath":"/home/refat/Workspaces/Javascript/07-Pig-Game/starter","kind":"discover"}
[14:54:21.761] Loaded safelist from types map file '/home/refat/.emacs.d/.local/etc/lsp/npm/typescript/lib/node_modules/typescript/lib/typesMap.json'
[14:54:21.761] Explicitly included types: []
[14:54:21.762] Inferred typings from unresolved imports: []
[14:54:21.762] Result: {"cachedTypingPaths":[],"newTypingNames":[],"filesToWatch":["/home/refat/Workspaces/Javascript/07-Pig-Game/starter/bower_components","/home/refat/Workspaces/Javascript/07-Pig-Game/starter/node_modules"]}
[14:54:21.762] Finished typings discovery: {"cachedTypingPaths":[],"newTypingNames":[],"filesToWatch":["/home/refat/Workspaces/Javascript/07-Pig-Game/starter/bower_components","/home/refat/Workspaces/Javascript/07-Pig-Game/starter/node_modules"]}
[14:54:21.762] DirectoryWatcher:: Added:: WatchInfo: /home/refat/Workspaces/Javascript/07-Pig-Game/starter/bower_components
[14:54:21.763] DirectoryWatcher:: Added:: WatchInfo: /home/refat/Workspaces/Javascript/07-Pig-Game/starter/bower_components 1 undefined Project: /dev/null/inferredProject1* watcher already invoked: false
[14:54:21.764] Elapsed:: 1.330934000085108ms DirectoryWatcher:: Added:: WatchInfo: /home/refat/Workspaces/Javascript/07-Pig-Game/starter/bower_components 1 undefined Project: /dev/null/inferredProject1* watcher already invoked: false
[14:54:21.764] DirectoryWatcher:: Added:: WatchInfo: /home/refat/Workspaces/Javascript/07-Pig-Game/starter/node_modules
[14:54:21.764] DirectoryWatcher:: Added:: WatchInfo: /home/refat/Workspaces/Javascript/07-Pig-Game/starter/node_modules 1 undefined Project: /dev/null/inferredProject1* watcher already invoked: false
[14:54:21.764] Elapsed:: 0.09698299993760884ms DirectoryWatcher:: Added:: WatchInfo: /home/refat/Workspaces/Javascript/07-Pig-Game/starter/node_modules 1 undefined Project: /dev/null/inferredProject1* watcher already invoked: false
[14:54:21.764] Sending response:
    {"projectName":"/dev/null/inferredProject1*","typeAcquisition":{"enable":true,"include":[],"exclude":[]},"compilerOptions":{"module":1,"target":3,"jsx":1,"allowJs":true,"allowSyntheticDefaultImports":true,"allowNonTsExtensions":true,"noEmitForJsFiles":true,"maxNodeModuleJsDepth":2},"typings":[],"unresolvedImports":[],"kind":"action::set"}
[14:54:21.765] Response has been sent.
[14:54:21.765] No new typings were requested as a result of typings discovery
[21:33:15.950] Global cache location '/home/refat/.cache/typescript/4.3', safe file path '/home/refat/.emacs.d/.local/etc/lsp/npm/typescript/lib/node_modules/typescript/lib/typingSafeList.json', types map path /home/refat/.emacs.d/.local/etc/lsp/npm/typescript/lib/node_modules/typescript/lib/typesMap.json
[21:33:15.950] Processing cache location '/home/refat/.cache/typescript/4.3'
[21:33:15.951] Trying to find '/home/refat/.cache/typescript/4.3/package.json'...
[21:33:15.952] Loaded content of '/home/refat/.cache/typescript/4.3/package.json': {"private":true,"dependencies":{"types-registry":"^0.1.559"}}
[21:33:15.952] Loaded content of '/home/refat/.cache/typescript/4.3/package-lock.json'
[21:33:15.952] Finished processing cache location '/home/refat/.cache/typescript/4.3'
[21:33:15.952] Process id: 6277
[21:33:15.952] NPM location: /usr/bin/npm (explicit '--npmLocation' not  provided)
[21:33:15.952] validateDefaultNpmLocation: false
[21:33:15.953] Npm config file: /home/refat/.cache/typescript/4.3/package.json
[21:33:15.953] Updating types-registry npm package...
[21:33:15.953] Exec: /usr/bin/npm install --ignore-scripts types-registry@latest
[21:33:18.414]     Succeeded. stdout:
    
    up to date, audited 2 packages in 2s

found 0 vulnerabilities

[21:33:18.414] Updated types-registry npm package
[21:33:18.445] Got install request {"projectName":"/dev/null/inferredProject1*","fileNames":["/home/refat/.emacs.d/.local/etc/lsp/npm/typescript/lib/node_modules/typescript/lib/lib.es5.d.ts","/home/refat/.emacs.d/.local/etc/lsp/npm/typescript/lib/node_modules/typescript/lib/lib.es2015.d.ts","/home/refat/.emacs.d/.local/etc/lsp/npm/typescript/lib/node_modules/typescript/lib/lib.es2016.d.ts","/home/refat/.emacs.d/.local/etc/lsp/npm/typescript/lib/node_modules/typescript/lib/lib.dom.d.ts","/home/refat/.emacs.d/.local/etc/lsp/npm/typescript/lib/node_modules/typescript/lib/lib.dom.iterable.d.ts","/home/refat/.emacs.d/.local/etc/lsp/npm/typescript/lib/node_modules/typescript/lib/lib.webworker.importscripts.d.ts","/home/refat/.emacs.d/.local/etc/lsp/npm/typescript/lib/node_modules/typescript/lib/lib.scripthost.d.ts","/home/refat/.emacs.d/.local/etc/lsp/npm/typescript/lib/node_modules/typescript/lib/lib.es2015.core.d.ts","/home/refat/.emacs.d/.local/etc/lsp/npm/typescript/lib/node_modules/typescript/lib/lib.es2015.collection.d.ts","/home/refat/.emacs.d/.local/etc/lsp/npm/typescript/lib/node_modules/typescript/lib/lib.es2015.generator.d.ts","/home/refat/.emacs.d/.local/etc/lsp/npm/typescript/lib/node_modules/typescript/lib/lib.es2015.iterable.d.ts","/home/refat/.emacs.d/.local/etc/lsp/npm/typescript/lib/node_modules/typescript/lib/lib.es2015.promise.d.ts","/home/refat/.emacs.d/.local/etc/lsp/npm/typescript/lib/node_modules/typescript/lib/lib.es2015.proxy.d.ts","/home/refat/.emacs.d/.local/etc/lsp/npm/typescript/lib/node_modules/typescript/lib/lib.es2015.reflect.d.ts","/home/refat/.emacs.d/.local/etc/lsp/npm/typescript/lib/node_modules/typescript/lib/lib.es2015.symbol.d.ts","/home/refat/.emacs.d/.local/etc/lsp/npm/typescript/lib/node_modules/typescript/lib/lib.es2015.symbol.wellknown.d.ts","/home/refat/.emacs.d/.local/etc/lsp/npm/typescript/lib/node_modules/typescript/lib/lib.es2016.array.include.d.ts","/home/refat/.emacs.d/.local/etc/lsp/npm/typescript/lib/node_modules/typescript/lib/lib.es2016.full.d.ts","/home/refat/Workspaces/Javascript/07-Pig-Game/starter/script.js"],"compilerOptions":{"module":1,"target":3,"jsx":1,"allowJs":true,"allowSyntheticDefaultImports":true,"allowNonTsExtensions":true,"noEmitForJsFiles":true,"maxNodeModuleJsDepth":2},"typeAcquisition":{"enable":true,"include":[],"exclude":[]},"unresolvedImports":[],"projectRootPath":"/home/refat/Workspaces/Javascript/07-Pig-Game/starter","kind":"discover"}
[21:33:18.473] Loaded safelist from types map file '/home/refat/.emacs.d/.local/etc/lsp/npm/typescript/lib/node_modules/typescript/lib/typesMap.json'
[21:33:18.473] Explicitly included types: []
[21:33:18.474] Inferred typings from unresolved imports: []
[21:33:18.474] Result: {"cachedTypingPaths":[],"newTypingNames":[],"filesToWatch":["/home/refat/Workspaces/Javascript/07-Pig-Game/starter/bower_components","/home/refat/Workspaces/Javascript/07-Pig-Game/starter/node_modules"]}
[21:33:18.474] Finished typings discovery: {"cachedTypingPaths":[],"newTypingNames":[],"filesToWatch":["/home/refat/Workspaces/Javascript/07-Pig-Game/starter/bower_components","/home/refat/Workspaces/Javascript/07-Pig-Game/starter/node_modules"]}
[21:33:18.474] DirectoryWatcher:: Added:: WatchInfo: /home/refat/Workspaces/Javascript/07-Pig-Game/starter/bower_components
[21:33:18.475] DirectoryWatcher:: Added:: WatchInfo: /home/refat/Workspaces/Javascript/07-Pig-Game/starter/bower_components 1 undefined Project: /dev/null/inferredProject1* watcher already invoked: false
[21:33:18.478] Elapsed:: 2.7812930000945926ms DirectoryWatcher:: Added:: WatchInfo: /home/refat/Workspaces/Javascript/07-Pig-Game/starter/bower_components 1 undefined Project: /dev/null/inferredProject1* watcher already invoked: false
[21:33:18.478] DirectoryWatcher:: Added:: WatchInfo: /home/refat/Workspaces/Javascript/07-Pig-Game/starter/node_modules
[21:33:18.478] DirectoryWatcher:: Added:: WatchInfo: /home/refat/Workspaces/Javascript/07-Pig-Game/starter/node_modules 1 undefined Project: /dev/null/inferredProject1* watcher already invoked: false
[21:33:18.478] Elapsed:: 0.11226299998816103ms DirectoryWatcher:: Added:: WatchInfo: /home/refat/Workspaces/Javascript/07-Pig-Game/starter/node_modules 1 undefined Project: /dev/null/inferredProject1* watcher already invoked: false
[21:33:18.478] Sending response:
    {"projectName":"/dev/null/inferredProject1*","typeAcquisition":{"enable":true,"include":[],"exclude":[]},"compilerOptions":{"module":1,"target":3,"jsx":1,"allowJs":true,"allowSyntheticDefaultImports":true,"allowNonTsExtensions":true,"noEmitForJsFiles":true,"maxNodeModuleJsDepth":2},"typings":[],"unresolvedImports":[],"kind":"action::set"}
[21:33:18.479] Response has been sent.
[21:33:18.479] No new typings were requested as a result of typings discovery
