[20:04:04.834] Global cache location '/home/refat/.cache/typescript/4.2', safe file path '/home/refat/.emacs.d/.local/etc/lsp/npm/typescript/lib/node_modules/typescript/lib/typingSafeList.json', types map path /home/refat/.emacs.d/.local/etc/lsp/npm/typescript/lib/node_modules/typescript/lib/typesMap.json
[20:04:04.835] Processing cache location '/home/refat/.cache/typescript/4.2'
[20:04:04.835] Trying to find '/home/refat/.cache/typescript/4.2/package.json'...
[20:04:04.838] Loaded content of '/home/refat/.cache/typescript/4.2/package.json': {"private":true,"dependencies":{"types-registry":"^0.1.537"}}
[20:04:04.838] Loaded content of '/home/refat/.cache/typescript/4.2/package-lock.json'
[20:04:04.838] Finished processing cache location '/home/refat/.cache/typescript/4.2'
[20:04:04.838] Process id: 7999
[20:04:04.838] NPM location: /usr/bin/npm (explicit '--npmLocation' not  provided)
[20:04:04.838] validateDefaultNpmLocation: false
[20:04:04.839] Npm config file: /home/refat/.cache/typescript/4.2/package.json
[20:04:04.839] Updating types-registry npm package...
[20:04:04.839] Exec: /usr/bin/npm install --ignore-scripts types-registry@latest
[20:04:06.196]     Succeeded. stdout:
    
    up to date, audited 2 packages in 1s

found 0 vulnerabilities

[20:04:06.196] Updated types-registry npm package
[20:04:06.219] Got install request {"projectName":"/dev/null/inferredProject1*","fileNames":["/home/refat/.emacs.d/.local/etc/lsp/npm/typescript/lib/node_modules/typescript/lib/lib.es5.d.ts","/home/refat/.emacs.d/.local/etc/lsp/npm/typescript/lib/node_modules/typescript/lib/lib.es2015.d.ts","/home/refat/.emacs.d/.local/etc/lsp/npm/typescript/lib/node_modules/typescript/lib/lib.es2016.d.ts","/home/refat/.emacs.d/.local/etc/lsp/npm/typescript/lib/node_modules/typescript/lib/lib.dom.d.ts","/home/refat/.emacs.d/.local/etc/lsp/npm/typescript/lib/node_modules/typescript/lib/lib.dom.iterable.d.ts","/home/refat/.emacs.d/.local/etc/lsp/npm/typescript/lib/node_modules/typescript/lib/lib.webworker.importscripts.d.ts","/home/refat/.emacs.d/.local/etc/lsp/npm/typescript/lib/node_modules/typescript/lib/lib.scripthost.d.ts","/home/refat/.emacs.d/.local/etc/lsp/npm/typescript/lib/node_modules/typescript/lib/lib.es2015.core.d.ts","/home/refat/.emacs.d/.local/etc/lsp/npm/typescript/lib/node_modules/typescript/lib/lib.es2015.collection.d.ts","/home/refat/.emacs.d/.local/etc/lsp/npm/typescript/lib/node_modules/typescript/lib/lib.es2015.generator.d.ts","/home/refat/.emacs.d/.local/etc/lsp/npm/typescript/lib/node_modules/typescript/lib/lib.es2015.iterable.d.ts","/home/refat/.emacs.d/.local/etc/lsp/npm/typescript/lib/node_modules/typescript/lib/lib.es2015.promise.d.ts","/home/refat/.emacs.d/.local/etc/lsp/npm/typescript/lib/node_modules/typescript/lib/lib.es2015.proxy.d.ts","/home/refat/.emacs.d/.local/etc/lsp/npm/typescript/lib/node_modules/typescript/lib/lib.es2015.reflect.d.ts","/home/refat/.emacs.d/.local/etc/lsp/npm/typescript/lib/node_modules/typescript/lib/lib.es2015.symbol.d.ts","/home/refat/.emacs.d/.local/etc/lsp/npm/typescript/lib/node_modules/typescript/lib/lib.es2015.symbol.wellknown.d.ts","/home/refat/.emacs.d/.local/etc/lsp/npm/typescript/lib/node_modules/typescript/lib/lib.es2016.array.include.d.ts","/home/refat/.emacs.d/.local/etc/lsp/npm/typescript/lib/node_modules/typescript/lib/lib.es2016.full.d.ts","/home/refat/Workspaces/Javascript/script.js"],"compilerOptions":{"module":1,"target":3,"jsx":1,"allowJs":true,"allowSyntheticDefaultImports":true,"allowNonTsExtensions":true,"noEmitForJsFiles":true,"maxNodeModuleJsDepth":2},"typeAcquisition":{"enable":true,"include":[],"exclude":[]},"unresolvedImports":[],"projectRootPath":"/home/refat/Workspaces/Javascript","kind":"discover"}
[20:04:06.248] Loaded safelist from types map file '/home/refat/.emacs.d/.local/etc/lsp/npm/typescript/lib/node_modules/typescript/lib/typesMap.json'
[20:04:06.249] Explicitly included types: []
[20:04:06.250] Inferred typings from unresolved imports: []
[20:04:06.250] Result: {"cachedTypingPaths":[],"newTypingNames":[],"filesToWatch":["/home/refat/Workspaces/Javascript/bower_components","/home/refat/Workspaces/Javascript/node_modules"]}
[20:04:06.250] Finished typings discovery: {"cachedTypingPaths":[],"newTypingNames":[],"filesToWatch":["/home/refat/Workspaces/Javascript/bower_components","/home/refat/Workspaces/Javascript/node_modules"]}
[20:04:06.250] DirectoryWatcher:: Added:: WatchInfo: /home/refat/Workspaces/Javascript/bower_components
[20:04:06.251] DirectoryWatcher:: Added:: WatchInfo: /home/refat/Workspaces/Javascript/bower_components 1 undefined Project: /dev/null/inferredProject1* watcher already invoked: false
[20:04:06.252] Elapsed:: 1.4516489999368787ms DirectoryWatcher:: Added:: WatchInfo: /home/refat/Workspaces/Javascript/bower_components 1 undefined Project: /dev/null/inferredProject1* watcher already invoked: false
[20:04:06.252] DirectoryWatcher:: Added:: WatchInfo: /home/refat/Workspaces/Javascript/node_modules
[20:04:06.252] DirectoryWatcher:: Added:: WatchInfo: /home/refat/Workspaces/Javascript/node_modules 1 undefined Project: /dev/null/inferredProject1* watcher already invoked: false
[20:04:06.253] Elapsed:: 0.10218399995937943ms DirectoryWatcher:: Added:: WatchInfo: /home/refat/Workspaces/Javascript/node_modules 1 undefined Project: /dev/null/inferredProject1* watcher already invoked: false
[20:04:06.253] Sending response:
    {"projectName":"/dev/null/inferredProject1*","typeAcquisition":{"enable":true,"include":[],"exclude":[]},"compilerOptions":{"module":1,"target":3,"jsx":1,"allowJs":true,"allowSyntheticDefaultImports":true,"allowNonTsExtensions":true,"noEmitForJsFiles":true,"maxNodeModuleJsDepth":2},"typings":[],"unresolvedImports":[],"kind":"action::set"}
[20:04:06.253] Response has been sent.
[20:04:06.253] No new typings were requested as a result of typings discovery
